mode: atomic
docserver/main.go:116.13,122.16 3 0
docserver/main.go:122.16,124.3 1 0
docserver/main.go:127.2,128.16 2 0
docserver/main.go:128.16,131.3 1 0
docserver/main.go:136.2,145.2 5 0
docserver/main.go:145.2,147.50 1 0
docserver/main.go:147.50,149.4 1 0
docserver/main.go:151.3,151.49 1 0
docserver/main.go:151.49,153.4 1 0
docserver/main.go:155.3,155.59 1 0
docserver/main.go:155.59,157.4 1 0
docserver/main.go:159.3,159.58 1 0
docserver/main.go:159.58,161.4 1 0
docserver/main.go:166.2,171.2 4 0
docserver/main.go:171.2,173.48 1 0
docserver/main.go:173.48,175.4 1 0
docserver/main.go:177.3,177.48 1 0
docserver/main.go:177.48,179.4 1 0
docserver/main.go:181.3,181.51 1 0
docserver/main.go:181.51,183.4 1 0
docserver/main.go:185.3,185.45 1 0
docserver/main.go:185.45,187.4 1 0
docserver/main.go:191.2,193.2 3 0
docserver/main.go:193.2,195.42 1 0
docserver/main.go:195.42,197.4 1 0
docserver/main.go:199.3,199.41 1 0
docserver/main.go:199.41,201.4 1 0
docserver/main.go:203.3,203.45 1 0
docserver/main.go:203.45,205.4 1 0
docserver/main.go:207.3,207.45 1 0
docserver/main.go:207.45,209.4 1 0
docserver/main.go:211.3,211.48 1 0
docserver/main.go:211.48,213.4 1 0
docserver/main.go:216.3,217.3 2 0
docserver/main.go:217.3,219.44 1 0
docserver/main.go:219.44,221.5 1 0
docserver/main.go:223.4,223.44 1 0
docserver/main.go:223.44,225.5 1 0
docserver/main.go:227.4,227.56 1 0
docserver/main.go:227.56,229.5 1 0
docserver/main.go:231.4,231.59 1 0
docserver/main.go:231.59,233.5 1 0
docserver/main.go:240.2,240.67 1 0
docserver/main.go:240.67,242.3 1 0
docserver/main.go:246.2,247.16 2 0
docserver/main.go:247.16,249.3 1 0
docserver/main.go:251.2,271.79 6 0
docserver/main.go:271.79,273.3 1 0
docserver/api/handlers_auth.go:51.79,56.47 2 0
docserver/api/handlers_auth.go:56.47,59.3 2 0
docserver/api/handlers_auth.go:62.2,63.16 2 0
docserver/api/handlers_auth.go:63.16,67.3 2 0
docserver/api/handlers_auth.go:70.2,84.16 4 0
docserver/api/handlers_auth.go:84.16,87.54 1 0
docserver/api/handlers_auth.go:87.54,89.4 1 0
docserver/api/handlers_auth.go:89.9,91.4 1 0
docserver/api/handlers_auth.go:92.3,92.9 1 0
docserver/api/handlers_auth.go:99.2,110.38 2 0
docserver/api/handlers_auth.go:142.78,144.47 2 0
docserver/api/handlers_auth.go:144.47,147.3 2 0
docserver/api/handlers_auth.go:150.2,151.12 2 0
docserver/api/handlers_auth.go:151.12,154.3 2 0
docserver/api/handlers_auth.go:157.2,157.66 1 0
docserver/api/handlers_auth.go:157.66,160.3 2 0
docserver/api/handlers_auth.go:163.2,164.16 2 0
docserver/api/handlers_auth.go:164.16,168.3 2 0
docserver/api/handlers_auth.go:171.2,171.58 1 0
docserver/api/handlers_auth.go:187.79,192.2 1 0
docserver/api/handlers_auth.go:216.87,218.47 2 0
docserver/api/handlers_auth.go:218.47,221.3 2 0
docserver/api/handlers_auth.go:224.2,225.11 2 0
docserver/api/handlers_auth.go:225.11,228.17 2 0
docserver/api/handlers_auth.go:228.17,232.4 2 0
docserver/api/handlers_auth.go:233.8,236.3 1 0
docserver/api/handlers_auth.go:239.2,239.31 1 0
docserver/api/handlers_auth.go:269.86,271.47 2 0
docserver/api/handlers_auth.go:271.47,274.3 2 0
docserver/api/handlers_auth.go:277.2,278.16 2 0
docserver/api/handlers_auth.go:278.16,282.3 2 0
docserver/api/handlers_auth.go:283.2,283.15 1 0
docserver/api/handlers_auth.go:283.15,287.3 2 0
docserver/api/handlers_auth.go:290.2,291.16 2 0
docserver/api/handlers_auth.go:291.16,294.3 2 0
docserver/api/handlers_auth.go:297.2,298.16 2 0
docserver/api/handlers_auth.go:298.16,300.66 1 0
docserver/api/handlers_auth.go:300.66,302.4 1 0
docserver/api/handlers_auth.go:302.9,304.4 1 0
docserver/api/handlers_auth.go:305.3,305.9 1 0
docserver/api/handlers_auth.go:309.2,309.32 1 0
docserver/api/handlers_docs.go:51.87,53.13 2 0
docserver/api/handlers_docs.go:53.13,56.3 2 0
docserver/api/handlers_docs.go:57.2,61.41 3 0
docserver/api/handlers_docs.go:61.41,67.3 2 0
docserver/api/handlers_docs.go:70.2,78.16 3 0
docserver/api/handlers_docs.go:78.16,81.3 2 0
docserver/api/handlers_docs.go:83.2,83.40 1 0
docserver/api/handlers_docs.go:126.85,128.13 2 0
docserver/api/handlers_docs.go:128.13,131.3 2 0
docserver/api/handlers_docs.go:132.2,145.51 10 0
docserver/api/handlers_docs.go:145.51,148.3 2 0
docserver/api/handlers_docs.go:151.2,163.16 3 0
docserver/api/handlers_docs.go:163.16,169.70 1 0
docserver/api/handlers_docs.go:169.70,171.4 1 0
docserver/api/handlers_docs.go:171.9,173.4 1 0
docserver/api/handlers_docs.go:174.3,174.9 1 0
docserver/api/handlers_docs.go:178.2,183.4 1 0
docserver/api/handlers_docs.go:209.88,211.13 2 0
docserver/api/handlers_docs.go:211.13,214.3 2 0
docserver/api/handlers_docs.go:215.2,218.17 3 0
docserver/api/handlers_docs.go:218.17,221.3 2 0
docserver/api/handlers_docs.go:224.2,225.12 2 0
docserver/api/handlers_docs.go:225.12,228.3 2 0
docserver/api/handlers_docs.go:231.2,233.14 3 0
docserver/api/handlers_docs.go:233.14,235.17 2 0
docserver/api/handlers_docs.go:235.17,236.52 1 0
docserver/api/handlers_docs.go:236.52,237.30 1 0
docserver/api/handlers_docs.go:237.30,239.11 2 0
docserver/api/handlers_docs.go:245.2,245.27 1 0
docserver/api/handlers_docs.go:245.27,248.3 2 0
docserver/api/handlers_docs.go:251.2,251.28 1 0
docserver/api/handlers_docs.go:290.87,292.13 2 0
docserver/api/handlers_docs.go:292.13,295.3 2 0
docserver/api/handlers_docs.go:296.2,299.17 3 0
docserver/api/handlers_docs.go:299.17,302.3 2 0
docserver/api/handlers_docs.go:305.2,306.41 2 0
docserver/api/handlers_docs.go:306.41,309.3 2 0
docserver/api/handlers_docs.go:312.2,313.12 2 0
docserver/api/handlers_docs.go:313.12,316.3 2 0
docserver/api/handlers_docs.go:317.2,317.38 1 0
docserver/api/handlers_docs.go:317.38,320.3 2 0
docserver/api/handlers_docs.go:323.2,324.16 2 0
docserver/api/handlers_docs.go:324.16,326.66 1 0
docserver/api/handlers_docs.go:326.66,328.4 1 0
docserver/api/handlers_docs.go:328.9,330.4 1 0
docserver/api/handlers_docs.go:331.3,331.9 1 0
docserver/api/handlers_docs.go:334.2,334.35 1 0
docserver/api/handlers_docs.go:358.87,360.13 2 0
docserver/api/handlers_docs.go:360.13,363.3 2 0
docserver/api/handlers_docs.go:364.2,367.17 3 0
docserver/api/handlers_docs.go:367.17,370.3 2 0
docserver/api/handlers_docs.go:373.2,374.12 2 0
docserver/api/handlers_docs.go:374.12,379.3 2 0
docserver/api/handlers_docs.go:380.2,380.38 1 0
docserver/api/handlers_docs.go:380.38,383.3 2 0
docserver/api/handlers_docs.go:386.2,387.16 2 0
docserver/api/handlers_docs.go:387.16,389.66 1 0
docserver/api/handlers_docs.go:389.67,392.4 0 0
docserver/api/handlers_docs.go:392.9,395.4 2 0
docserver/api/handlers_docs.go:398.2,398.32 1 0
docserver/api/handlers_profiles.go:45.85,48.13 2 0
docserver/api/handlers_profiles.go:48.13,51.3 2 0
docserver/api/handlers_profiles.go:52.2,53.28 2 0
docserver/api/handlers_profiles.go:53.28,56.3 2 0
docserver/api/handlers_profiles.go:59.2,60.12 2 0
docserver/api/handlers_profiles.go:60.12,64.3 2 0
docserver/api/handlers_profiles.go:67.2,78.33 2 0
docserver/api/handlers_profiles.go:109.88,112.13 2 0
docserver/api/handlers_profiles.go:112.13,115.3 2 0
docserver/api/handlers_profiles.go:116.2,120.47 3 0
docserver/api/handlers_profiles.go:120.47,123.3 2 0
docserver/api/handlers_profiles.go:126.2,127.12 2 0
docserver/api/handlers_profiles.go:127.12,130.3 2 0
docserver/api/handlers_profiles.go:133.2,146.16 3 0
docserver/api/handlers_profiles.go:146.16,150.3 2 0
docserver/api/handlers_profiles.go:153.2,163.33 2 0
docserver/api/handlers_profiles.go:182.88,185.13 2 0
docserver/api/handlers_profiles.go:185.13,188.3 2 0
docserver/api/handlers_profiles.go:189.2,199.16 3 0
docserver/api/handlers_profiles.go:199.16,200.66 1 0
docserver/api/handlers_profiles.go:200.66,202.4 1 0
docserver/api/handlers_profiles.go:202.9,204.4 1 0
docserver/api/handlers_profiles.go:205.3,205.9 1 0
docserver/api/handlers_profiles.go:209.2,209.32 1 0
docserver/api/handlers_profiles.go:250.87,261.51 8 0
docserver/api/handlers_profiles.go:261.51,264.3 2 0
docserver/api/handlers_profiles.go:266.2,266.17 1 0
docserver/api/handlers_profiles.go:266.17,268.3 1 0
docserver/api/handlers_profiles.go:271.2,275.38 3 0
docserver/api/handlers_profiles.go:275.38,277.105 2 0
docserver/api/handlers_profiles.go:277.105,279.4 1 0
docserver/api/handlers_profiles.go:280.3,280.117 1 0
docserver/api/handlers_profiles.go:280.117,282.4 1 0
docserver/api/handlers_profiles.go:283.3,283.114 1 0
docserver/api/handlers_profiles.go:283.114,285.4 1 0
docserver/api/handlers_profiles.go:287.3,287.12 1 0
docserver/api/handlers_profiles.go:287.12,299.4 2 0
docserver/api/handlers_profiles.go:302.2,305.57 2 0
docserver/api/handlers_profiles.go:305.57,310.33 5 0
docserver/api/handlers_profiles.go:310.33,312.4 1 0
docserver/api/handlers_profiles.go:313.3,313.23 1 0
docserver/api/handlers_profiles.go:318.2,321.33 3 0
docserver/api/handlers_profiles.go:321.33,330.3 2 0
docserver/api/handlers_profiles.go:332.2,332.30 1 0
docserver/api/handlers_profiles.go:332.30,334.3 1 0
docserver/api/handlers_profiles.go:336.2,344.4 2 0
docserver/api/handlers_shares.go:16.93,18.13 2 0
docserver/api/handlers_shares.go:18.13,21.3 2 0
docserver/api/handlers_shares.go:22.2,25.12 3 0
docserver/api/handlers_shares.go:25.12,28.3 2 0
docserver/api/handlers_shares.go:30.2,30.30 1 0
docserver/api/handlers_shares.go:30.30,33.3 2 0
docserver/api/handlers_shares.go:35.2,35.24 1 0
docserver/api/handlers_shares.go:63.83,65.17 2 0
docserver/api/handlers_shares.go:65.17,68.3 2 0
docserver/api/handlers_shares.go:71.2,71.58 1 0
docserver/api/handlers_shares.go:71.58,73.3 1 0
docserver/api/handlers_shares.go:76.2,77.12 2 0
docserver/api/handlers_shares.go:77.12,81.3 2 0
docserver/api/handlers_shares.go:83.2,83.79 1 0
docserver/api/handlers_shares.go:125.83,129.17 2 0
docserver/api/handlers_shares.go:129.17,132.3 2 0
docserver/api/handlers_shares.go:135.2,136.9 2 0
docserver/api/handlers_shares.go:136.9,138.3 1 0
docserver/api/handlers_shares.go:141.2,143.41 2 0
docserver/api/handlers_shares.go:143.41,146.3 2 0
docserver/api/handlers_shares.go:149.2,150.43 2 0
docserver/api/handlers_shares.go:150.43,152.22 2 0
docserver/api/handlers_shares.go:152.22,153.12 1 0
docserver/api/handlers_shares.go:155.3,155.27 1 0
docserver/api/handlers_shares.go:155.27,158.4 2 0
docserver/api/handlers_shares.go:165.3,165.49 1 0
docserver/api/handlers_shares.go:170.2,171.16 2 0
docserver/api/handlers_shares.go:171.16,175.3 2 0
docserver/api/handlers_shares.go:177.2,177.32 1 0
docserver/api/handlers_shares.go:202.82,207.36 3 0
docserver/api/handlers_shares.go:207.36,210.3 2 0
docserver/api/handlers_shares.go:213.2,214.9 2 0
docserver/api/handlers_shares.go:214.9,216.3 1 0
docserver/api/handlers_shares.go:219.2,219.26 1 0
docserver/api/handlers_shares.go:219.26,222.3 2 0
docserver/api/handlers_shares.go:232.2,233.16 2 0
docserver/api/handlers_shares.go:233.16,236.3 2 0
docserver/api/handlers_shares.go:238.2,238.32 1 0
docserver/api/handlers_shares.go:262.85,267.36 3 0
docserver/api/handlers_shares.go:267.36,270.3 2 0
docserver/api/handlers_shares.go:273.2,273.58 1 0
docserver/api/handlers_shares.go:273.58,275.3 1 0
docserver/api/handlers_shares.go:278.2,279.16 2 0
docserver/api/handlers_shares.go:279.16,282.3 2 0
docserver/api/handlers_shares.go:285.2,285.32 1 0
docserver/config/config.go:48.36,75.52 12 31
docserver/config/config.go:75.52,77.3 1 1
docserver/config/config.go:80.2,81.56 2 31
docserver/config/config.go:81.56,83.3 1 0
docserver/config/config.go:86.2,88.79 2 31
docserver/config/config.go:88.79,91.17 2 0
docserver/config/config.go:91.17,93.4 1 0
docserver/config/config.go:93.9,95.4 1 0
docserver/config/config.go:102.2,103.73 2 31
docserver/config/config.go:103.73,105.3 1 0
docserver/config/config.go:109.2,111.16 3 31
docserver/config/config.go:111.16,114.3 2 1
docserver/config/config.go:118.2,118.29 1 31
docserver/config/config.go:118.29,121.17 2 6
docserver/config/config.go:121.17,124.4 1 4
docserver/config/config.go:124.9,127.4 2 2
docserver/config/config.go:131.2,131.25 1 31
docserver/config/config.go:131.25,134.26 2 29
docserver/config/config.go:134.26,136.4 1 27
docserver/config/config.go:140.2,140.25 1 31
docserver/config/config.go:140.25,143.3 1 2
docserver/config/config.go:145.2,145.44 1 29
docserver/config/config.go:145.44,147.3 1 0
docserver/config/config.go:151.2,152.16 2 29
docserver/config/config.go:152.16,156.3 1 0
docserver/config/config.go:156.8,158.3 1 29
docserver/config/config.go:161.2,162.36 2 29
docserver/config/config.go:162.36,164.3 1 0
docserver/config/config.go:171.2,173.17 2 29
docserver/config/config.go:177.42,178.48 1 304
docserver/config/config.go:178.48,180.3 1 67
docserver/config/config.go:181.2,181.17 1 237
docserver/config/config.go:186.49,187.48 1 31
docserver/config/config.go:187.48,188.33 1 12
docserver/config/config.go:189.27,190.15 1 5
docserver/config/config.go:191.27,192.16 1 6
docserver/config/config.go:194.3,194.119 1 1
docserver/config/config.go:196.2,196.17 1 20
docserver/config/config.go:200.36,211.2 10 29
docserver/config/config.go:214.51,215.29 1 29
docserver/config/config.go:215.29,218.57 2 5
docserver/config/config.go:218.57,220.4 1 2
docserver/config/config.go:223.2,223.100 1 27
docserver/config/config.go:223.100,225.3 1 27
docserver/config/config.go:230.2,230.41 1 0
docserver/config/config.go:234.81,236.2 1 1
docserver/db/database.go:37.57,56.16 4 0
docserver/db/database.go:56.16,61.26 1 0
docserver/db/database.go:61.26,64.4 2 0
docserver/db/database.go:68.2,68.16 1 0
docserver/db/database.go:74.36,80.18 4 0
docserver/db/database.go:80.18,81.25 1 0
docserver/db/database.go:81.25,88.4 5 0
docserver/db/database.go:90.3,97.13 5 0
docserver/db/database.go:102.2,103.16 2 0
docserver/db/database.go:103.16,107.34 2 0
docserver/db/database.go:107.34,109.4 1 0
docserver/db/database.go:110.3,110.35 1 0
docserver/db/database.go:110.35,112.4 1 0
docserver/db/database.go:113.3,113.38 1 0
docserver/db/database.go:113.38,115.4 1 0
docserver/db/database.go:117.3,117.13 1 0
docserver/db/database.go:121.2,121.33 1 0
docserver/db/database.go:121.33,123.3 1 0
docserver/db/database.go:124.2,124.34 1 0
docserver/db/database.go:124.34,126.3 1 0
docserver/db/database.go:127.2,127.37 1 0
docserver/db/database.go:127.37,129.3 1 0
docserver/db/database.go:131.2,134.12 2 0
docserver/db/database.go:140.37,147.16 5 0
docserver/db/database.go:147.16,150.3 2 0
docserver/db/database.go:153.2,158.16 4 0
docserver/db/database.go:158.16,161.3 2 0
docserver/db/database.go:164.2,164.28 1 0
docserver/db/database.go:164.28,166.58 1 0
docserver/db/database.go:166.58,169.18 2 0
docserver/db/database.go:169.18,173.5 1 0
docserver/db/database.go:173.10,175.5 1 0
docserver/db/database.go:176.9,176.33 1 0
docserver/db/database.go:176.33,179.10 1 0
docserver/db/database.go:183.2,184.16 2 0
docserver/db/database.go:184.16,190.3 3 0
docserver/db/database.go:192.2,193.12 2 0
docserver/db/database.go:199.35,204.36 3 0
docserver/db/database.go:204.36,207.19 2 0
docserver/db/database.go:207.19,208.48 1 0
docserver/db/database.go:208.48,211.14 1 0
docserver/db/database.go:213.9,213.15 1 0
docserver/db/database.go:218.5,218.28 1 0
docserver/db/database.go:218.28,220.6 1 0
docserver/db/database.go:223.5,226.66 2 0
docserver/db/database.go:226.66,228.28 2 0
docserver/db/database.go:228.28,231.10 2 0
docserver/db/database.go:232.9,236.44 4 0
docserver/db/database.go:236.44,240.10 1 0
docserver/db/database.go:242.5,242.102 1 0
docserver/db/database.go:249.74,254.2 4 0
docserver/db/database.go:259.73,264.12 4 0
docserver/db/database.go:264.12,266.3 1 0
docserver/db/database.go:278.2,278.40 1 0
docserver/db/database.go:283.45,288.2 4 0
docserver/db/database.go:296.83,301.55 3 0
docserver/db/database.go:301.55,302.62 1 0
docserver/db/database.go:302.62,304.4 1 0
docserver/db/database.go:308.2,308.22 1 0
docserver/db/database.go:308.22,312.3 1 0
docserver/db/database.go:313.2,314.35 2 0
docserver/db/database.go:314.35,316.3 1 0
docserver/db/database.go:317.2,325.21 5 0
docserver/db/database.go:330.70,336.2 4 0
docserver/db/database.go:340.76,344.47 3 0
docserver/db/database.go:344.47,345.46 1 0
docserver/db/database.go:345.46,347.4 1 0
docserver/db/database.go:349.2,349.32 1 0
docserver/db/database.go:356.101,361.12 4 0
docserver/db/database.go:361.12,363.3 1 0
docserver/db/database.go:366.2,370.69 4 0
docserver/db/database.go:370.69,371.42 1 0
docserver/db/database.go:371.42,372.70 1 0
docserver/db/database.go:372.70,374.5 1 0
docserver/db/database.go:379.2,385.28 4 0
docserver/db/database.go:391.52,396.12 4 0
docserver/db/database.go:396.12,398.3 1 0
docserver/db/database.go:400.2,409.12 4 0
docserver/db/database.go:414.55,419.50 4 0
docserver/db/database.go:419.50,421.6 1 0
docserver/db/database.go:422.5,422.20 1 0
docserver/db/database.go:427.87,435.48 5 0
docserver/db/database.go:435.48,436.46 1 0
docserver/db/database.go:436.46,439.9 3 0
docserver/db/database.go:443.2,443.12 1 0
docserver/db/database.go:443.12,445.3 1 0
docserver/db/database.go:448.2,461.12 7 0
docserver/db/database.go:469.82,473.23 3 0
docserver/db/database.go:473.23,476.3 1 0
docserver/db/database.go:484.2,495.17 8 0
docserver/db/database.go:499.72,505.2 4 0
docserver/db/database.go:509.75,514.44 4 0
docserver/db/database.go:514.44,515.29 1 0
docserver/db/database.go:515.29,517.4 1 0
docserver/db/database.go:519.2,519.13 1 0
docserver/db/database.go:523.57,528.47 4 0
docserver/db/database.go:528.47,530.6 1 0
docserver/db/database.go:531.5,531.16 1 0
docserver/db/database.go:537.88,542.12 4 0
docserver/db/database.go:542.12,544.3 1 0
docserver/db/database.go:547.2,556.25 6 0
docserver/db/database.go:562.53,567.12 4 0
docserver/db/database.go:567.12,569.3 1 0
docserver/db/database.go:572.2,577.22 4 0
docserver/db/database.go:577.22,580.3 2 0
docserver/db/database.go:583.2,585.12 2 0
docserver/db/database.go:593.89,599.11 4 0
docserver/db/database.go:599.11,601.3 1 0
docserver/db/database.go:602.2,602.22 1 0
docserver/db/database.go:608.77,622.23 3 0
docserver/db/database.go:622.23,624.3 1 0
docserver/db/database.go:627.2,629.39 3 0
docserver/db/database.go:629.39,630.36 1 0
docserver/db/database.go:630.36,633.4 2 0
docserver/db/database.go:637.2,637.31 1 0
docserver/db/database.go:637.31,644.3 3 0
docserver/db/database.go:644.8,648.3 2 0
docserver/db/database.go:652.2,654.12 2 0
docserver/db/database.go:659.72,667.12 4 0
docserver/db/database.go:667.12,673.3 1 0
docserver/db/database.go:673.8,676.48 2 0
docserver/db/database.go:676.48,677.31 1 0
docserver/db/database.go:677.31,679.10 2 0
docserver/db/database.go:682.3,682.21 1 0
docserver/db/database.go:682.21,684.4 1 0
docserver/db/database.go:684.9,687.4 1 0
docserver/db/database.go:690.2,696.12 4 0
docserver/db/database.go:702.77,707.12 4 0
docserver/db/database.go:707.12,710.3 1 0
docserver/db/database.go:713.2,714.47 2 0
docserver/db/database.go:714.47,715.30 1 0
docserver/db/database.go:715.30,717.9 2 0
docserver/db/database.go:721.2,721.22 1 0
docserver/db/database.go:721.22,725.33 2 0
docserver/db/database.go:725.33,729.4 2 0
docserver/db/database.go:729.9,733.4 2 0
docserver/db/database.go:736.3,736.19 1 0
docserver/db/database.go:738.8,741.3 1 0
docserver/db/database.go:742.1,742.11 1 0
docserver/db/database.go:747.35,754.25 4 0
docserver/db/database.go:754.25,758.3 3 0
docserver/db/database.go:761.2,761.20 1 0
docserver/db/database.go:761.20,764.3 2 0
docserver/db/database.go:765.2,768.23 2 0
docserver/db/database.go:768.23,770.38 2 0
docserver/db/database.go:770.38,773.4 2 0
docserver/db/database.go:774.3,774.57 1 0
docserver/db/database.go:775.8,777.3 1 0
docserver/db/database.go:779.2,779.12 1 0
docserver/db/query.go:70.67,71.26 1 0
docserver/db/query.go:71.26,73.3 1 0
docserver/db/query.go:75.2,78.34 3 0
docserver/db/query.go:78.34,80.17 2 0
docserver/db/query.go:80.17,82.4 1 0
docserver/db/query.go:84.3,84.27 1 0
docserver/db/query.go:84.27,86.18 2 0
docserver/db/query.go:86.18,88.5 1 0
docserver/db/query.go:89.4,89.60 1 0
docserver/db/query.go:90.9,92.45 2 0
docserver/db/query.go:92.45,94.5 1 0
docserver/db/query.go:95.4,95.46 1 0
docserver/db/query.go:97.3,97.47 1 0
docserver/db/query.go:102.2,102.49 1 0
docserver/db/query.go:102.49,104.3 1 0
docserver/db/query.go:107.2,107.81 1 0
docserver/db/query.go:107.81,110.3 1 0
docserver/db/query.go:112.2,112.20 1 0
docserver/db/query.go:117.72,120.20 2 0
docserver/db/query.go:120.20,122.3 1 0
docserver/db/query.go:124.2,131.44 5 0
docserver/db/query.go:131.44,136.28 4 0
docserver/db/query.go:136.28,138.4 1 0
docserver/db/query.go:139.3,139.66 1 0
docserver/db/query.go:141.8,141.28 1 0
docserver/db/query.go:141.28,146.28 4 0
docserver/db/query.go:146.28,148.4 1 0
docserver/db/query.go:149.3,153.65 3 0
docserver/db/query.go:153.65,155.4 1 0
docserver/db/query.go:156.8,158.57 2 0
docserver/db/query.go:158.57,160.4 1 0
docserver/db/query.go:161.3,161.66 1 0
docserver/db/query.go:165.2,165.49 1 0
docserver/db/query.go:165.49,168.19 3 0
docserver/db/query.go:168.19,170.4 1 0
docserver/db/query.go:171.3,172.26 2 0
docserver/db/query.go:176.2,182.98 4 0
docserver/db/query.go:182.98,186.3 2 0
docserver/db/query.go:186.8,186.35 1 0
docserver/db/query.go:186.35,190.3 2 0
docserver/db/query.go:190.8,190.53 1 0
docserver/db/query.go:190.53,194.3 2 0
docserver/db/query.go:194.8,194.52 1 0
docserver/db/query.go:194.52,198.8 3 0
docserver/db/query.go:198.8,200.4 1 0
docserver/db/query.go:201.8,205.3 2 0
docserver/db/query.go:208.2,215.8 1 0
docserver/db/query.go:222.97,223.48 1 0
docserver/db/query.go:223.48,225.3 1 0
docserver/db/query.go:228.2,229.16 2 0
docserver/db/query.go:229.16,232.3 1 0
docserver/db/query.go:235.2,235.36 1 0
docserver/db/query.go:235.36,236.35 1 0
docserver/db/query.go:236.35,239.4 1 0
docserver/db/query.go:241.3,242.17 2 0
docserver/db/query.go:242.17,245.4 1 0
docserver/db/query.go:247.3,247.16 1 0
docserver/db/query.go:248.17,249.33 1 0
docserver/db/query.go:250.16,251.33 1 0
docserver/db/query.go:255.2,255.20 1 0
docserver/db/query.go:259.101,263.33 2 0
docserver/db/query.go:264.14,265.18 1 0
docserver/db/query.go:266.10,269.17 2 0
docserver/db/query.go:269.17,275.72 3 0
docserver/db/query.go:275.72,277.14 1 0
docserver/db/query.go:279.9,281.4 1 0
docserver/db/query.go:284.5,285.79 2 0
docserver/db/query.go:285.79,287.6 1 0
docserver/db/query.go:291.2,292.21 2 0
docserver/db/query.go:292.21,295.3 1 0
docserver/db/query.go:295.8,298.50 2 0
docserver/db/query.go:298.50,300.10 1 0
docserver/db/query.go:308.5,308.20 1 0
docserver/db/query.go:308.20,310.68 1 0
docserver/db/query.go:310.68,313.10 1 0
docserver/db/query.go:315.9,315.51 1 0
docserver/db/query.go:319.2,319.44 1 0
docserver/db/query.go:323.68,325.22 2 0
docserver/db/query.go:325.22,327.6 1 0
docserver/db/query.go:328.5,328.18 1 0
docserver/db/query.go:331.59,332.20 1 0
docserver/db/query.go:333.13,334.21 1 0
docserver/db/query.go:340.78,344.9 2 0
docserver/db/query.go:344.9,348.3 1 0
docserver/db/query.go:350.2,351.24 2 0
docserver/db/query.go:351.24,355.6 3 0
docserver/db/query.go:357.5,357.15 1 0
docserver/db/query.go:358.41,359.42 1 0
docserver/db/query.go:360.47,361.42 1 0
docserver/db/query.go:362.45,363.58 1 0
docserver/db/query.go:364.49,365.59 1 0
docserver/db/query.go:366.45,367.59 1 0
docserver/db/query.go:368.13,370.105 1 0
docserver/db/query.go:376.84,387.21 5 0
docserver/db/query.go:387.21,388.21 1 0
docserver/db/query.go:389.60,391.63 1 0
docserver/db/query.go:391.63,394.5 1 0
docserver/db/query.go:401.2,401.75 1 0
docserver/db/query.go:401.75,406.58 2 0
docserver/db/query.go:406.58,409.22 2 0
docserver/db/query.go:410.22,412.36 1 0
docserver/db/query.go:412.36,415.28 3 0
docserver/db/query.go:415.28,417.7 1 0
docserver/db/query.go:417.12,419.7 1 0
docserver/db/query.go:420.11,422.6 1 0
docserver/db/query.go:423.22,425.36 1 0
docserver/db/query.go:425.36,428.6 2 0
docserver/db/query.go:428.11,430.6 1 0
docserver/db/query.go:431.33,433.64 1 0
docserver/db/query.go:433.64,436.6 2 0
docserver/db/query.go:436.11,438.6 1 0
docserver/db/query.go:439.20,441.49 1 0
docserver/db/query.go:444.4,444.22 1 0
docserver/db/query.go:444.22,447.5 2 0
docserver/db/query.go:448.4,448.15 1 0
docserver/db/query.go:450.3,450.20 1 0
docserver/db/query.go:455.2,458.37 3 0
docserver/db/query.go:458.37,460.38 1 0
docserver/db/query.go:460.38,461.14 1 0
docserver/db/query.go:462.18,462.35 1 0
docserver/db/query.go:463.21,463.39 1 0
docserver/db/query.go:466.12,466.97 1 0
docserver/db/query.go:468.9,469.14 1 0
docserver/db/query.go:470.18,470.36 1 0
docserver/db/query.go:471.21,471.38 1 0
docserver/db/query.go:474.20,474.38 1 0
docserver/db/query.go:476.12,476.116 1 0
docserver/db/query.go:484.2,484.20 1 0
docserver/db/query.go:485.20,488.13 2 0
docserver/db/query.go:489.68,491.35 1 0
docserver/db/query.go:491.35,493.26 1 0
docserver/db/query.go:493.26,493.46 1 0
docserver/db/query.go:496.5,496.123 1 0
docserver/db/query.go:499.4,501.26 3 0
docserver/db/query.go:501.26,505.5 3 0
docserver/db/query.go:507.4,507.14 1 0
docserver/db/query.go:508.40,508.76 1 0
docserver/db/query.go:509.46,509.82 1 0
docserver/db/query.go:510.44,510.96 1 0
docserver/db/query.go:511.48,511.101 1 0
docserver/db/query.go:512.44,512.97 1 0
docserver/db/query.go:513.12,514.81 1 0
docserver/db/query.go:516.11,519.101 1 0
docserver/db/query.go:522.20,525.13 2 0
docserver/db/query.go:526.100,528.35 1 0
docserver/db/query.go:528.35,530.26 1 0
docserver/db/query.go:530.26,530.46 1 0
docserver/db/query.go:533.5,533.129 1 0
docserver/db/query.go:536.4,537.26 2 0
docserver/db/query.go:537.26,539.5 1 0
docserver/db/query.go:541.4,541.14 1 0
docserver/db/query.go:542.18,542.50 1 0
docserver/db/query.go:543.21,543.53 1 0
docserver/db/query.go:544.23,544.54 1 0
docserver/db/query.go:545.20,545.51 1 0
docserver/db/query.go:546.31,546.63 1 0
docserver/db/query.go:547.28,547.60 1 0
docserver/db/query.go:548.12,549.82 1 0
docserver/db/query.go:551.11,554.102 1 0
docserver/db/query.go:557.31,560.13 2 0
docserver/db/query.go:561.30,563.66 1 0
docserver/db/query.go:563.66,565.26 1 0
docserver/db/query.go:565.26,565.46 1 0
docserver/db/query.go:568.5,568.130 1 0
docserver/db/query.go:571.4,572.26 2 0
docserver/db/query.go:572.26,574.5 1 0
docserver/db/query.go:576.4,576.14 1 0
docserver/db/query.go:577.18,577.52 1 0
docserver/db/query.go:578.21,578.55 1 0
docserver/db/query.go:579.12,580.82 1 0
docserver/db/query.go:582.11,585.83 1 0
docserver/db/query.go:588.18,591.28 1 0
docserver/db/query.go:591.28,592.43 1 0
docserver/db/query.go:592.43,595.5 1 0
docserver/db/query.go:595.10,598.5 1 0
docserver/db/query.go:599.9,603.64 1 0
docserver/db/query.go:603.64,605.5 1 0
docserver/db/query.go:607.4,607.97 1 0
docserver/db/query.go:610.10,613.109 2 0
docserver/db/query.go:632.97,635.16 2 0
docserver/db/query.go:635.16,637.3 1 0
docserver/db/query.go:640.2,644.30 3 0
docserver/db/query.go:644.30,648.15 3 0
docserver/db/query.go:648.15,650.13 2 0
docserver/db/query.go:650.13,651.53 1 0
docserver/db/query.go:651.53,652.39 1 0
docserver/db/query.go:652.39,654.12 2 0
docserver/db/query.go:660.3,661.40 2 0
docserver/db/query.go:662.16,663.24 1 0
docserver/db/query.go:664.17,665.25 1 0
docserver/db/query.go:666.18,667.36 1 0
docserver/db/query.go:668.11,669.110 1 0
docserver/db/query.go:672.3,672.18 1 0
docserver/db/query.go:672.18,673.12 1 0
docserver/db/query.go:677.3,677.25 1 0
docserver/db/query.go:677.25,679.18 2 0
docserver/db/query.go:679.18,683.13 2 0
docserver/db/query.go:685.4,685.21 1 0
docserver/db/query.go:685.21,686.13 1 0
docserver/db/query.go:691.3,691.43 1 0
docserver/db/query.go:694.5,698.19 3 0
docserver/db/query.go:698.19,700.6 1 0
docserver/db/query.go:703.5,704.19 2 0
docserver/db/query.go:704.19,706.6 1 0
docserver/db/query.go:709.2,709.42 1 0
docserver/db/query.go:714.72,715.37 1 0
docserver/db/query.go:715.37,718.40 3 0
docserver/db/query.go:719.35,720.71 1 0
docserver/db/query.go:721.34,722.63 1 0
docserver/db/query.go:723.17,725.25 1 0
docserver/db/query.go:730.5,730.41 1 0
docserver/db/query.go:730.41,732.40 2 0
docserver/db/query.go:732.40,735.10 1 0
docserver/db/query.go:736.11,736.62 1 0
docserver/db/query.go:736.62,738.6 1 0
docserver/db/query.go:742.5,742.36 1 0
docserver/db/query.go:743.56,743.56 0 0
docserver/db/query.go:745.17,746.120 1 0
docserver/db/query.go:750.5,751.15 2 0
docserver/db/query.go:758.92,759.18 1 0
docserver/db/query.go:759.18,761.6 1 0
docserver/db/query.go:762.5,762.19 1 0
docserver/db/query.go:762.19,764.6 1 0
docserver/db/query.go:765.5,765.25 1 0
docserver/db/query.go:765.25,767.6 1 0
docserver/db/query.go:769.5,772.32 3 0
docserver/db/query.go:772.32,774.6 1 0
docserver/db/query.go:776.5,776.29 1 0
docserver/db/query.go:776.29,778.6 1 0
docserver/db/query.go:780.5,780.42 1 0
docserver/db/query.go:783.46,786.2 2 0
docserver/db/query.go:789.42,792.2 2 0
docserver/docs/docs.go:1385.13,1387.2 1 0
docserver/utils/auth.go:23.62,25.16 2 0
docserver/utils/auth.go:25.16,28.3 2 0
docserver/utils/auth.go:29.2,29.27 1 0
docserver/utils/auth.go:33.52,37.2 2 0
docserver/utils/auth.go:49.79,50.25 1 0
docserver/utils/auth.go:50.25,53.3 2 0
docserver/utils/auth.go:55.2,69.16 5 0
docserver/utils/auth.go:69.16,72.3 2 0
docserver/utils/auth.go:74.2,74.25 1 0
docserver/utils/auth.go:79.75,80.25 1 0
docserver/utils/auth.go:80.25,83.3 2 0
docserver/utils/auth.go:85.2,86.101 2 0
docserver/utils/auth.go:86.101,88.58 1 0
docserver/utils/auth.go:88.58,90.4 1 0
docserver/utils/auth.go:91.3,91.36 1 0
docserver/utils/auth.go:94.2,94.16 1 0
docserver/utils/auth.go:94.16,95.42 1 0
docserver/utils/auth.go:95.42,98.4 2 0
docserver/utils/auth.go:99.3,100.51 2 0
docserver/utils/auth.go:103.2,103.18 1 0
docserver/utils/auth.go:103.18,106.3 2 0
docserver/utils/auth.go:113.2,113.20 1 0
docserver/utils/auth.go:118.57,119.30 1 0
docserver/utils/auth.go:119.30,121.23 2 0
docserver/utils/auth.go:121.23,124.4 2 0
docserver/utils/auth.go:126.3,127.63 2 0
docserver/utils/auth.go:127.63,130.4 2 0
docserver/utils/auth.go:132.3,134.17 3 0
docserver/utils/auth.go:134.17,137.4 2 0
docserver/utils/auth.go:140.3,143.11 3 0
docserver/utils/auth.go:157.37,162.21 3 0
docserver/utils/auth.go:162.21,164.3 1 0
docserver/utils/auth.go:165.2,165.20 1 0
docserver/utils/auth.go:175.20,189.2 8 0
docserver/utils/auth.go:196.18,199.12 2 0
docserver/utils/auth.go:199.12,201.3 1 0
docserver/utils/auth.go:203.2,203.30 1 0
docserver/utils/auth.go:203.30,207.3 2 0
docserver/utils/auth.go:209.2,209.30 1 0
docserver/utils/auth.go:209.30,211.3 1 0
docserver/utils/auth.go:214.2,215.18 2 0
docserver/utils/utils.go:13.36,16.2 2 0
docserver/utils/utils.go:25.63,28.2 2 0
docserver/utils/utils.go:31.52,33.2 1 0
docserver/utils/utils.go:36.54,38.2 1 0
docserver/utils/utils.go:41.51,43.2 1 0
docserver/utils/utils.go:46.50,48.2 1 0
docserver/utils/utils.go:51.61,53.2 1 0
docserver/main.go:116.13,122.16 3 0
docserver/main.go:122.16,124.3 1 0
docserver/main.go:127.2,128.16 2 0
docserver/main.go:128.16,131.3 1 0
docserver/main.go:136.2,145.2 5 0
docserver/main.go:145.2,147.50 1 0
docserver/main.go:147.50,149.4 1 0
docserver/main.go:151.3,151.49 1 0
docserver/main.go:151.49,153.4 1 0
docserver/main.go:155.3,155.59 1 0
docserver/main.go:155.59,157.4 1 0
docserver/main.go:159.3,159.58 1 0
docserver/main.go:159.58,161.4 1 0
docserver/main.go:166.2,171.2 4 0
docserver/main.go:171.2,173.48 1 0
docserver/main.go:173.48,175.4 1 0
docserver/main.go:177.3,177.48 1 0
docserver/main.go:177.48,179.4 1 0
docserver/main.go:181.3,181.51 1 0
docserver/main.go:181.51,183.4 1 0
docserver/main.go:185.3,185.45 1 0
docserver/main.go:185.45,187.4 1 0
docserver/main.go:191.2,193.2 3 0
docserver/main.go:193.2,195.42 1 0
docserver/main.go:195.42,197.4 1 0
docserver/main.go:199.3,199.41 1 0
docserver/main.go:199.41,201.4 1 0
docserver/main.go:203.3,203.45 1 0
docserver/main.go:203.45,205.4 1 0
docserver/main.go:207.3,207.45 1 0
docserver/main.go:207.45,209.4 1 0
docserver/main.go:211.3,211.48 1 0
docserver/main.go:211.48,213.4 1 0
docserver/main.go:216.3,217.3 2 0
docserver/main.go:217.3,219.44 1 0
docserver/main.go:219.44,221.5 1 0
docserver/main.go:223.4,223.44 1 0
docserver/main.go:223.44,225.5 1 0
docserver/main.go:227.4,227.56 1 0
docserver/main.go:227.56,229.5 1 0
docserver/main.go:231.4,231.59 1 0
docserver/main.go:231.59,233.5 1 0
docserver/main.go:240.2,240.67 1 0
docserver/main.go:240.67,242.3 1 0
docserver/main.go:246.2,247.16 2 0
docserver/main.go:247.16,249.3 1 0
docserver/main.go:251.2,271.79 6 0
docserver/main.go:271.79,273.3 1 0
docserver/api/handlers_auth.go:51.79,56.47 2 13
docserver/api/handlers_auth.go:56.47,59.3 2 1
docserver/api/handlers_auth.go:62.2,63.16 2 12
docserver/api/handlers_auth.go:63.16,67.3 2 0
docserver/api/handlers_auth.go:70.2,84.16 4 12
docserver/api/handlers_auth.go:84.16,87.54 1 1
docserver/api/handlers_auth.go:87.54,89.4 1 1
docserver/api/handlers_auth.go:89.9,91.4 1 0
docserver/api/handlers_auth.go:92.3,92.9 1 1
docserver/api/handlers_auth.go:99.2,110.38 2 11
docserver/api/handlers_auth.go:142.78,144.47 2 18
docserver/api/handlers_auth.go:144.47,147.3 2 1
docserver/api/handlers_auth.go:150.2,151.12 2 17
docserver/api/handlers_auth.go:151.12,154.3 2 1
docserver/api/handlers_auth.go:157.2,157.66 1 16
docserver/api/handlers_auth.go:157.66,160.3 2 2
docserver/api/handlers_auth.go:163.2,164.16 2 14
docserver/api/handlers_auth.go:164.16,168.3 2 0
docserver/api/handlers_auth.go:171.2,171.58 1 14
docserver/api/handlers_auth.go:187.79,192.2 1 1
docserver/api/handlers_auth.go:216.87,218.47 2 6
docserver/api/handlers_auth.go:218.47,221.3 2 1
docserver/api/handlers_auth.go:224.2,225.11 2 5
docserver/api/handlers_auth.go:225.11,228.17 2 4
docserver/api/handlers_auth.go:228.17,232.4 2 0
docserver/api/handlers_auth.go:233.8,236.3 1 1
docserver/api/handlers_auth.go:239.2,239.31 1 5
docserver/api/handlers_auth.go:269.86,271.47 2 6
docserver/api/handlers_auth.go:271.47,274.3 2 1
docserver/api/handlers_auth.go:277.2,278.16 2 5
docserver/api/handlers_auth.go:278.16,282.3 2 3
docserver/api/handlers_auth.go:283.2,283.15 1 2
docserver/api/handlers_auth.go:283.15,287.3 2 0
docserver/api/handlers_auth.go:290.2,291.16 2 2
docserver/api/handlers_auth.go:291.16,294.3 2 0
docserver/api/handlers_auth.go:297.2,298.16 2 2
docserver/api/handlers_auth.go:298.16,300.66 1 1
docserver/api/handlers_auth.go:300.66,302.4 1 1
docserver/api/handlers_auth.go:302.9,304.4 1 0
docserver/api/handlers_auth.go:305.3,305.9 1 1
docserver/api/handlers_auth.go:309.2,309.32 1 1
docserver/api/handlers_docs.go:51.87,53.13 2 3
docserver/api/handlers_docs.go:53.13,56.3 2 0
docserver/api/handlers_docs.go:57.2,61.41 3 3
docserver/api/handlers_docs.go:61.41,67.3 2 1
docserver/api/handlers_docs.go:70.2,78.16 3 2
docserver/api/handlers_docs.go:78.16,81.3 2 0
docserver/api/handlers_docs.go:83.2,83.40 1 2
docserver/api/handlers_docs.go:126.85,128.13 2 8
docserver/api/handlers_docs.go:128.13,131.3 2 0
docserver/api/handlers_docs.go:132.2,145.51 10 8
docserver/api/handlers_docs.go:145.51,148.3 2 3
docserver/api/handlers_docs.go:151.2,163.16 3 5
docserver/api/handlers_docs.go:163.16,169.70 1 3
docserver/api/handlers_docs.go:169.70,171.4 1 3
docserver/api/handlers_docs.go:171.9,173.4 1 0
docserver/api/handlers_docs.go:174.3,174.9 1 3
docserver/api/handlers_docs.go:178.2,183.4 1 2
docserver/api/handlers_docs.go:209.88,211.13 2 6
docserver/api/handlers_docs.go:211.13,214.3 2 0
docserver/api/handlers_docs.go:215.2,218.17 3 6
docserver/api/handlers_docs.go:218.17,221.3 2 0
docserver/api/handlers_docs.go:224.2,225.12 2 6
docserver/api/handlers_docs.go:225.12,228.3 2 2
docserver/api/handlers_docs.go:231.2,233.14 3 4
docserver/api/handlers_docs.go:233.14,235.17 2 3
docserver/api/handlers_docs.go:235.17,236.52 1 2
docserver/api/handlers_docs.go:236.52,237.30 1 2
docserver/api/handlers_docs.go:237.30,239.11 2 1
docserver/api/handlers_docs.go:245.2,245.27 1 4
docserver/api/handlers_docs.go:245.27,248.3 2 2
docserver/api/handlers_docs.go:251.2,251.28 1 2
docserver/api/handlers_docs.go:290.87,292.13 2 4
docserver/api/handlers_docs.go:292.13,295.3 2 0
docserver/api/handlers_docs.go:296.2,299.17 3 4
docserver/api/handlers_docs.go:299.17,302.3 2 0
docserver/api/handlers_docs.go:305.2,306.41 2 4
docserver/api/handlers_docs.go:306.41,309.3 2 1
docserver/api/handlers_docs.go:312.2,313.12 2 3
docserver/api/handlers_docs.go:313.12,316.3 2 1
docserver/api/handlers_docs.go:317.2,317.38 1 2
docserver/api/handlers_docs.go:317.38,320.3 2 1
docserver/api/handlers_docs.go:323.2,324.16 2 1
docserver/api/handlers_docs.go:324.16,326.66 1 0
docserver/api/handlers_docs.go:326.66,328.4 1 0
docserver/api/handlers_docs.go:328.9,330.4 1 0
docserver/api/handlers_docs.go:331.3,331.9 1 0
docserver/api/handlers_docs.go:334.2,334.35 1 1
docserver/api/handlers_docs.go:358.87,360.13 2 4
docserver/api/handlers_docs.go:360.13,363.3 2 0
docserver/api/handlers_docs.go:364.2,367.17 3 4
docserver/api/handlers_docs.go:367.17,370.3 2 0
docserver/api/handlers_docs.go:373.2,374.12 2 4
docserver/api/handlers_docs.go:374.12,379.3 2 2
docserver/api/handlers_docs.go:380.2,380.38 1 2
docserver/api/handlers_docs.go:380.38,383.3 2 1
docserver/api/handlers_docs.go:386.2,387.16 2 1
docserver/api/handlers_docs.go:387.16,389.66 1 0
docserver/api/handlers_docs.go:389.67,392.4 0 0
docserver/api/handlers_docs.go:392.9,395.4 2 0
docserver/api/handlers_docs.go:398.2,398.32 1 1
docserver/api/handlers_profiles.go:45.85,48.13 2 2
docserver/api/handlers_profiles.go:48.13,51.3 2 0
docserver/api/handlers_profiles.go:52.2,53.28 2 2
docserver/api/handlers_profiles.go:53.28,56.3 2 0
docserver/api/handlers_profiles.go:59.2,60.12 2 2
docserver/api/handlers_profiles.go:60.12,64.3 2 1
docserver/api/handlers_profiles.go:67.2,78.33 2 1
docserver/api/handlers_profiles.go:109.88,112.13 2 3
docserver/api/handlers_profiles.go:112.13,115.3 2 0
docserver/api/handlers_profiles.go:116.2,120.47 3 3
docserver/api/handlers_profiles.go:120.47,123.3 2 1
docserver/api/handlers_profiles.go:126.2,127.12 2 2
docserver/api/handlers_profiles.go:127.12,130.3 2 1
docserver/api/handlers_profiles.go:133.2,146.16 3 1
docserver/api/handlers_profiles.go:146.16,150.3 2 0
docserver/api/handlers_profiles.go:153.2,163.33 2 1
docserver/api/handlers_profiles.go:182.88,185.13 2 2
docserver/api/handlers_profiles.go:185.13,188.3 2 0
docserver/api/handlers_profiles.go:189.2,199.16 3 2
docserver/api/handlers_profiles.go:199.16,200.66 1 1
docserver/api/handlers_profiles.go:200.66,202.4 1 1
docserver/api/handlers_profiles.go:202.9,204.4 1 0
docserver/api/handlers_profiles.go:205.3,205.9 1 1
docserver/api/handlers_profiles.go:209.2,209.32 1 1
docserver/api/handlers_profiles.go:250.87,261.51 8 9
docserver/api/handlers_profiles.go:261.51,264.3 2 3
docserver/api/handlers_profiles.go:266.2,266.17 1 6
docserver/api/handlers_profiles.go:266.17,268.3 1 1
docserver/api/handlers_profiles.go:271.2,275.38 3 6
docserver/api/handlers_profiles.go:275.38,277.105 2 12
docserver/api/handlers_profiles.go:277.105,279.4 1 1
docserver/api/handlers_profiles.go:280.3,280.117 1 12
docserver/api/handlers_profiles.go:280.117,282.4 1 0
docserver/api/handlers_profiles.go:283.3,283.114 1 12
docserver/api/handlers_profiles.go:283.114,285.4 1 0
docserver/api/handlers_profiles.go:287.3,287.12 1 12
docserver/api/handlers_profiles.go:287.12,299.4 2 11
docserver/api/handlers_profiles.go:302.2,305.57 2 6
docserver/api/handlers_profiles.go:305.57,310.33 5 5
docserver/api/handlers_profiles.go:310.33,312.4 1 5
docserver/api/handlers_profiles.go:313.3,313.23 1 0
docserver/api/handlers_profiles.go:318.2,321.33 3 6
docserver/api/handlers_profiles.go:321.33,330.3 2 1
docserver/api/handlers_profiles.go:332.2,332.30 1 5
docserver/api/handlers_profiles.go:332.30,334.3 1 3
docserver/api/handlers_profiles.go:336.2,344.4 2 5
docserver/api/handlers_shares.go:16.93,18.13 2 30
docserver/api/handlers_shares.go:18.13,21.3 2 0
docserver/api/handlers_shares.go:22.2,25.12 3 30
docserver/api/handlers_shares.go:25.12,28.3 2 1
docserver/api/handlers_shares.go:30.2,30.30 1 29
docserver/api/handlers_shares.go:30.30,33.3 2 4
docserver/api/handlers_shares.go:35.2,35.24 1 25
docserver/api/handlers_shares.go:63.83,65.17 2 13
docserver/api/handlers_shares.go:65.17,68.3 2 0
docserver/api/handlers_shares.go:71.2,71.58 1 13
docserver/api/handlers_shares.go:71.58,73.3 1 2
docserver/api/handlers_shares.go:76.2,77.12 2 11
docserver/api/handlers_shares.go:77.12,81.3 2 3
docserver/api/handlers_shares.go:83.2,83.79 1 8
docserver/api/handlers_shares.go:125.83,129.17 2 8
docserver/api/handlers_shares.go:129.17,132.3 2 1
docserver/api/handlers_shares.go:135.2,136.9 2 7
docserver/api/handlers_shares.go:136.9,138.3 1 1
docserver/api/handlers_shares.go:141.2,143.41 2 6
docserver/api/handlers_shares.go:143.41,146.3 2 1
docserver/api/handlers_shares.go:149.2,150.43 2 5
docserver/api/handlers_shares.go:150.43,152.22 2 6
docserver/api/handlers_shares.go:152.22,153.12 1 1
docserver/api/handlers_shares.go:155.3,155.27 1 5
docserver/api/handlers_shares.go:155.27,158.4 2 1
docserver/api/handlers_shares.go:165.3,165.49 1 4
docserver/api/handlers_shares.go:170.2,171.16 2 4
docserver/api/handlers_shares.go:171.16,175.3 2 0
docserver/api/handlers_shares.go:177.2,177.32 1 4
docserver/api/handlers_shares.go:202.82,207.36 3 7
docserver/api/handlers_shares.go:207.36,210.3 2 1
docserver/api/handlers_shares.go:213.2,214.9 2 6
docserver/api/handlers_shares.go:214.9,216.3 1 1
docserver/api/handlers_shares.go:219.2,219.26 1 5
docserver/api/handlers_shares.go:219.26,222.3 2 1
docserver/api/handlers_shares.go:232.2,233.16 2 4
docserver/api/handlers_shares.go:233.16,236.3 2 0
docserver/api/handlers_shares.go:238.2,238.32 1 4
docserver/api/handlers_shares.go:262.85,267.36 3 5
docserver/api/handlers_shares.go:267.36,270.3 2 1
docserver/api/handlers_shares.go:273.2,273.58 1 4
docserver/api/handlers_shares.go:273.58,275.3 1 1
docserver/api/handlers_shares.go:278.2,279.16 2 3
docserver/api/handlers_shares.go:279.16,282.3 2 0
docserver/api/handlers_shares.go:285.2,285.32 1 3
docserver/config/config.go:48.36,75.52 12 0
docserver/config/config.go:75.52,77.3 1 0
docserver/config/config.go:80.2,81.56 2 0
docserver/config/config.go:81.56,83.3 1 0
docserver/config/config.go:86.2,88.79 2 0
docserver/config/config.go:88.79,91.17 2 0
docserver/config/config.go:91.17,93.4 1 0
docserver/config/config.go:93.9,95.4 1 0
docserver/config/config.go:102.2,103.73 2 0
docserver/config/config.go:103.73,105.3 1 0
docserver/config/config.go:109.2,111.16 3 0
docserver/config/config.go:111.16,114.3 2 0
docserver/config/config.go:118.2,118.29 1 0
docserver/config/config.go:118.29,121.17 2 0
docserver/config/config.go:121.17,124.4 1 0
docserver/config/config.go:124.9,127.4 2 0
docserver/config/config.go:131.2,131.25 1 0
docserver/config/config.go:131.25,134.26 2 0
docserver/config/config.go:134.26,136.4 1 0
docserver/config/config.go:140.2,140.25 1 0
docserver/config/config.go:140.25,143.3 1 0
docserver/config/config.go:145.2,145.44 1 0
docserver/config/config.go:145.44,147.3 1 0
docserver/config/config.go:151.2,152.16 2 0
docserver/config/config.go:152.16,156.3 1 0
docserver/config/config.go:156.8,158.3 1 0
docserver/config/config.go:161.2,162.36 2 0
docserver/config/config.go:162.36,164.3 1 0
docserver/config/config.go:171.2,173.17 2 0
docserver/config/config.go:177.42,178.48 1 0
docserver/config/config.go:178.48,180.3 1 0
docserver/config/config.go:181.2,181.17 1 0
docserver/config/config.go:186.49,187.48 1 0
docserver/config/config.go:187.48,188.33 1 0
docserver/config/config.go:189.27,190.15 1 0
docserver/config/config.go:191.27,192.16 1 0
docserver/config/config.go:194.3,194.119 1 0
docserver/config/config.go:196.2,196.17 1 0
docserver/config/config.go:200.36,211.2 10 0
docserver/config/config.go:214.51,215.29 1 0
docserver/config/config.go:215.29,218.57 2 0
docserver/config/config.go:218.57,220.4 1 0
docserver/config/config.go:223.2,223.100 1 0
docserver/config/config.go:223.100,225.3 1 0
docserver/config/config.go:230.2,230.41 1 0
docserver/config/config.go:234.81,236.2 1 0
docserver/db/database.go:37.57,56.16 4 5
docserver/db/database.go:56.16,61.26 1 0
docserver/db/database.go:61.26,64.4 2 0
docserver/db/database.go:68.2,68.16 1 5
docserver/db/database.go:74.36,80.18 4 5
docserver/db/database.go:80.18,81.25 1 5
docserver/db/database.go:81.25,88.4 5 5
docserver/db/database.go:90.3,97.13 5 0
docserver/db/database.go:102.2,103.16 2 0
docserver/db/database.go:103.16,107.34 2 0
docserver/db/database.go:107.34,109.4 1 0
docserver/db/database.go:110.3,110.35 1 0
docserver/db/database.go:110.35,112.4 1 0
docserver/db/database.go:113.3,113.38 1 0
docserver/db/database.go:113.38,115.4 1 0
docserver/db/database.go:117.3,117.13 1 0
docserver/db/database.go:121.2,121.33 1 0
docserver/db/database.go:121.33,123.3 1 0
docserver/db/database.go:124.2,124.34 1 0
docserver/db/database.go:124.34,126.3 1 0
docserver/db/database.go:127.2,127.37 1 0
docserver/db/database.go:127.37,129.3 1 0
docserver/db/database.go:131.2,134.12 2 0
docserver/db/database.go:140.37,147.16 5 6
docserver/db/database.go:147.16,150.3 2 0
docserver/db/database.go:153.2,158.16 4 6
docserver/db/database.go:158.16,161.3 2 0
docserver/db/database.go:164.2,164.28 1 6
docserver/db/database.go:164.28,166.58 1 0
docserver/db/database.go:166.58,169.18 2 0
docserver/db/database.go:169.18,173.5 1 0
docserver/db/database.go:173.10,175.5 1 0
docserver/db/database.go:176.9,176.33 1 0
docserver/db/database.go:176.33,179.10 1 0
docserver/db/database.go:183.2,184.16 2 6
docserver/db/database.go:184.16,190.3 3 0
docserver/db/database.go:192.2,193.12 2 6
docserver/db/database.go:199.35,204.36 3 28
docserver/db/database.go:204.36,207.19 2 0
docserver/db/database.go:207.19,208.48 1 0
docserver/db/database.go:208.48,211.14 1 0
docserver/db/database.go:213.9,213.15 1 0
docserver/db/database.go:218.5,218.28 1 28
docserver/db/database.go:218.28,220.6 1 23
docserver/db/database.go:223.5,226.66 2 28
docserver/db/database.go:226.66,228.28 2 2
docserver/db/database.go:228.28,231.10 2 0
docserver/db/database.go:232.9,236.44 4 2
docserver/db/database.go:236.44,240.10 1 0
docserver/db/database.go:242.5,242.102 1 28
docserver/db/database.go:249.74,254.2 4 5
docserver/db/database.go:259.73,264.12 4 11
docserver/db/database.go:264.12,266.3 1 3
docserver/db/database.go:278.2,278.40 1 8
docserver/db/database.go:283.45,288.2 4 3
docserver/db/database.go:296.83,301.55 3 12
docserver/db/database.go:301.55,302.62 1 10
docserver/db/database.go:302.62,304.4 1 1
docserver/db/database.go:308.2,308.22 1 11
docserver/db/database.go:308.22,312.3 1 11
docserver/db/database.go:313.2,314.35 2 11
docserver/db/database.go:314.35,316.3 1 0
docserver/db/database.go:317.2,325.21 5 11
docserver/db/database.go:330.70,336.2 4 7
docserver/db/database.go:340.76,344.47 3 23
docserver/db/database.go:344.47,345.46 1 31
docserver/db/database.go:345.46,347.4 1 21
docserver/db/database.go:349.2,349.32 1 2
docserver/db/database.go:356.101,361.12 4 1
docserver/db/database.go:361.12,363.3 1 0
docserver/db/database.go:366.2,370.69 4 1
docserver/db/database.go:370.69,371.42 1 0
docserver/db/database.go:371.42,372.70 1 0
docserver/db/database.go:372.70,374.5 1 0
docserver/db/database.go:379.2,385.28 4 1
docserver/db/database.go:391.52,396.12 4 3
docserver/db/database.go:396.12,398.3 1 1
docserver/db/database.go:400.2,409.12 4 2
docserver/db/database.go:414.55,419.50 4 6
docserver/db/database.go:419.50,421.6 1 12
docserver/db/database.go:422.5,422.20 1 6
docserver/db/database.go:427.87,435.48 5 2
docserver/db/database.go:435.48,436.46 1 2
docserver/db/database.go:436.46,439.9 3 1
docserver/db/database.go:443.2,443.12 1 2
docserver/db/database.go:443.12,445.3 1 1
docserver/db/database.go:448.2,461.12 7 1
docserver/db/database.go:469.82,473.23 3 2
docserver/db/database.go:473.23,476.3 1 0
docserver/db/database.go:484.2,495.17 8 2
docserver/db/database.go:499.72,505.2 4 47
docserver/db/database.go:509.75,514.44 4 0
docserver/db/database.go:514.44,515.29 1 0
docserver/db/database.go:515.29,517.4 1 0
docserver/db/database.go:519.2,519.13 1 0
docserver/db/database.go:523.57,528.47 4 5
docserver/db/database.go:528.47,530.6 1 5
docserver/db/database.go:531.5,531.16 1 5
docserver/db/database.go:537.88,542.12 4 1
docserver/db/database.go:542.12,544.3 1 0
docserver/db/database.go:547.2,556.25 6 1
docserver/db/database.go:562.53,567.12 4 1
docserver/db/database.go:567.12,569.3 1 0
docserver/db/database.go:572.2,577.22 4 1
docserver/db/database.go:577.22,580.3 2 0
docserver/db/database.go:583.2,585.12 2 1
docserver/db/database.go:593.89,599.11 4 18
docserver/db/database.go:599.11,601.3 1 11
docserver/db/database.go:602.2,602.22 1 18
docserver/db/database.go:608.77,622.23 3 4
docserver/db/database.go:622.23,624.3 1 0
docserver/db/database.go:627.2,629.39 3 4
docserver/db/database.go:629.39,630.36 1 4
docserver/db/database.go:630.36,633.4 2 4
docserver/db/database.go:637.2,637.31 1 4
docserver/db/database.go:637.31,644.3 3 2
docserver/db/database.go:644.8,648.3 2 2
docserver/db/database.go:652.2,654.12 2 4
docserver/db/database.go:659.72,667.12 4 4
docserver/db/database.go:667.12,673.3 1 2
docserver/db/database.go:673.8,676.48 2 2
docserver/db/database.go:676.48,677.31 1 2
docserver/db/database.go:677.31,679.10 2 1
docserver/db/database.go:682.3,682.21 1 2
docserver/db/database.go:682.21,684.4 1 1
docserver/db/database.go:684.9,687.4 1 1
docserver/db/database.go:690.2,696.12 4 3
docserver/db/database.go:702.77,707.12 4 3
docserver/db/database.go:707.12,710.3 1 0
docserver/db/database.go:713.2,714.47 2 3
docserver/db/database.go:714.47,715.30 1 3
docserver/db/database.go:715.30,717.9 2 2
docserver/db/database.go:721.2,721.22 1 3
docserver/db/database.go:721.22,725.33 2 2
docserver/db/database.go:725.33,729.4 2 1
docserver/db/database.go:729.9,733.4 2 1
docserver/db/database.go:736.3,736.19 1 2
docserver/db/database.go:738.8,741.3 1 1
docserver/db/database.go:742.1,742.11 1 2
docserver/db/database.go:747.35,754.25 4 5
docserver/db/database.go:754.25,758.3 3 5
docserver/db/database.go:761.2,761.20 1 5
docserver/db/database.go:761.20,764.3 2 4
docserver/db/database.go:765.2,768.23 2 5
docserver/db/database.go:768.23,770.38 2 4
docserver/db/database.go:770.38,773.4 2 0
docserver/db/database.go:774.3,774.57 1 4
docserver/db/database.go:775.8,777.3 1 1
docserver/db/database.go:779.2,779.12 1 5
docserver/db/query.go:70.67,71.26 1 5
docserver/db/query.go:71.26,73.3 1 5
docserver/db/query.go:75.2,78.34 3 0
docserver/db/query.go:78.34,80.17 2 0
docserver/db/query.go:80.17,82.4 1 0
docserver/db/query.go:84.3,84.27 1 0
docserver/db/query.go:84.27,86.18 2 0
docserver/db/query.go:86.18,88.5 1 0
docserver/db/query.go:89.4,89.60 1 0
docserver/db/query.go:90.9,92.45 2 0
docserver/db/query.go:92.45,94.5 1 0
docserver/db/query.go:95.4,95.46 1 0
docserver/db/query.go:97.3,97.47 1 0
docserver/db/query.go:102.2,102.49 1 0
docserver/db/query.go:102.49,104.3 1 0
docserver/db/query.go:107.2,107.81 1 0
docserver/db/query.go:107.81,110.3 1 0
docserver/db/query.go:112.2,112.20 1 0
docserver/db/query.go:117.72,120.20 2 0
docserver/db/query.go:120.20,122.3 1 0
docserver/db/query.go:124.2,131.44 5 0
docserver/db/query.go:131.44,136.28 4 0
docserver/db/query.go:136.28,138.4 1 0
docserver/db/query.go:139.3,139.66 1 0
docserver/db/query.go:141.8,141.28 1 0
docserver/db/query.go:141.28,146.28 4 0
docserver/db/query.go:146.28,148.4 1 0
docserver/db/query.go:149.3,153.65 3 0
docserver/db/query.go:153.65,155.4 1 0
docserver/db/query.go:156.8,158.57 2 0
docserver/db/query.go:158.57,160.4 1 0
docserver/db/query.go:161.3,161.66 1 0
docserver/db/query.go:165.2,165.49 1 0
docserver/db/query.go:165.49,168.19 3 0
docserver/db/query.go:168.19,170.4 1 0
docserver/db/query.go:171.3,172.26 2 0
docserver/db/query.go:176.2,182.98 4 0
docserver/db/query.go:182.98,186.3 2 0
docserver/db/query.go:186.8,186.35 1 0
docserver/db/query.go:186.35,190.3 2 0
docserver/db/query.go:190.8,190.53 1 0
docserver/db/query.go:190.53,194.3 2 0
docserver/db/query.go:194.8,194.52 1 0
docserver/db/query.go:194.52,198.8 3 0
docserver/db/query.go:198.8,200.4 1 0
docserver/db/query.go:201.8,205.3 2 0
docserver/db/query.go:208.2,215.8 1 0
docserver/db/query.go:222.97,223.48 1 0
docserver/db/query.go:223.48,225.3 1 0
docserver/db/query.go:228.2,229.16 2 0
docserver/db/query.go:229.16,232.3 1 0
docserver/db/query.go:235.2,235.36 1 0
docserver/db/query.go:235.36,236.35 1 0
docserver/db/query.go:236.35,239.4 1 0
docserver/db/query.go:241.3,242.17 2 0
docserver/db/query.go:242.17,245.4 1 0
docserver/db/query.go:247.3,247.16 1 0
docserver/db/query.go:248.17,249.33 1 0
docserver/db/query.go:250.16,251.33 1 0
docserver/db/query.go:255.2,255.20 1 0
docserver/db/query.go:259.101,263.33 2 0
docserver/db/query.go:264.14,265.18 1 0
docserver/db/query.go:266.10,269.17 2 0
docserver/db/query.go:269.17,275.72 3 0
docserver/db/query.go:275.72,277.14 1 0
docserver/db/query.go:279.9,281.4 1 0
docserver/db/query.go:284.5,285.79 2 0
docserver/db/query.go:285.79,287.6 1 0
docserver/db/query.go:291.2,292.21 2 0
docserver/db/query.go:292.21,295.3 1 0
docserver/db/query.go:295.8,298.50 2 0
docserver/db/query.go:298.50,300.10 1 0
docserver/db/query.go:308.5,308.20 1 0
docserver/db/query.go:308.20,310.68 1 0
docserver/db/query.go:310.68,313.10 1 0
docserver/db/query.go:315.9,315.51 1 0
docserver/db/query.go:319.2,319.44 1 0
docserver/db/query.go:323.68,325.22 2 0
docserver/db/query.go:325.22,327.6 1 0
docserver/db/query.go:328.5,328.18 1 0
docserver/db/query.go:331.59,332.20 1 0
docserver/db/query.go:333.13,334.21 1 0
docserver/db/query.go:340.78,344.9 2 0
docserver/db/query.go:344.9,348.3 1 0
docserver/db/query.go:350.2,351.24 2 0
docserver/db/query.go:351.24,355.6 3 0
docserver/db/query.go:357.5,357.15 1 0
docserver/db/query.go:358.41,359.42 1 0
docserver/db/query.go:360.47,361.42 1 0
docserver/db/query.go:362.45,363.58 1 0
docserver/db/query.go:364.49,365.59 1 0
docserver/db/query.go:366.45,367.59 1 0
docserver/db/query.go:368.13,370.105 1 0
docserver/db/query.go:376.84,387.21 5 0
docserver/db/query.go:387.21,388.21 1 0
docserver/db/query.go:389.60,391.63 1 0
docserver/db/query.go:391.63,394.5 1 0
docserver/db/query.go:401.2,401.75 1 0
docserver/db/query.go:401.75,406.58 2 0
docserver/db/query.go:406.58,409.22 2 0
docserver/db/query.go:410.22,412.36 1 0
docserver/db/query.go:412.36,415.28 3 0
docserver/db/query.go:415.28,417.7 1 0
docserver/db/query.go:417.12,419.7 1 0
docserver/db/query.go:420.11,422.6 1 0
docserver/db/query.go:423.22,425.36 1 0
docserver/db/query.go:425.36,428.6 2 0
docserver/db/query.go:428.11,430.6 1 0
docserver/db/query.go:431.33,433.64 1 0
docserver/db/query.go:433.64,436.6 2 0
docserver/db/query.go:436.11,438.6 1 0
docserver/db/query.go:439.20,441.49 1 0
docserver/db/query.go:444.4,444.22 1 0
docserver/db/query.go:444.22,447.5 2 0
docserver/db/query.go:448.4,448.15 1 0
docserver/db/query.go:450.3,450.20 1 0
docserver/db/query.go:455.2,458.37 3 0
docserver/db/query.go:458.37,460.38 1 0
docserver/db/query.go:460.38,461.14 1 0
docserver/db/query.go:462.18,462.35 1 0
docserver/db/query.go:463.21,463.39 1 0
docserver/db/query.go:466.12,466.97 1 0
docserver/db/query.go:468.9,469.14 1 0
docserver/db/query.go:470.18,470.36 1 0
docserver/db/query.go:471.21,471.38 1 0
docserver/db/query.go:474.20,474.38 1 0
docserver/db/query.go:476.12,476.116 1 0
docserver/db/query.go:484.2,484.20 1 0
docserver/db/query.go:485.20,488.13 2 0
docserver/db/query.go:489.68,491.35 1 0
docserver/db/query.go:491.35,493.26 1 0
docserver/db/query.go:493.26,493.46 1 0
docserver/db/query.go:496.5,496.123 1 0
docserver/db/query.go:499.4,501.26 3 0
docserver/db/query.go:501.26,505.5 3 0
docserver/db/query.go:507.4,507.14 1 0
docserver/db/query.go:508.40,508.76 1 0
docserver/db/query.go:509.46,509.82 1 0
docserver/db/query.go:510.44,510.96 1 0
docserver/db/query.go:511.48,511.101 1 0
docserver/db/query.go:512.44,512.97 1 0
docserver/db/query.go:513.12,514.81 1 0
docserver/db/query.go:516.11,519.101 1 0
docserver/db/query.go:522.20,525.13 2 0
docserver/db/query.go:526.100,528.35 1 0
docserver/db/query.go:528.35,530.26 1 0
docserver/db/query.go:530.26,530.46 1 0
docserver/db/query.go:533.5,533.129 1 0
docserver/db/query.go:536.4,537.26 2 0
docserver/db/query.go:537.26,539.5 1 0
docserver/db/query.go:541.4,541.14 1 0
docserver/db/query.go:542.18,542.50 1 0
docserver/db/query.go:543.21,543.53 1 0
docserver/db/query.go:544.23,544.54 1 0
docserver/db/query.go:545.20,545.51 1 0
docserver/db/query.go:546.31,546.63 1 0
docserver/db/query.go:547.28,547.60 1 0
docserver/db/query.go:548.12,549.82 1 0
docserver/db/query.go:551.11,554.102 1 0
docserver/db/query.go:557.31,560.13 2 0
docserver/db/query.go:561.30,563.66 1 0
docserver/db/query.go:563.66,565.26 1 0
docserver/db/query.go:565.26,565.46 1 0
docserver/db/query.go:568.5,568.130 1 0
docserver/db/query.go:571.4,572.26 2 0
docserver/db/query.go:572.26,574.5 1 0
docserver/db/query.go:576.4,576.14 1 0
docserver/db/query.go:577.18,577.52 1 0
docserver/db/query.go:578.21,578.55 1 0
docserver/db/query.go:579.12,580.82 1 0
docserver/db/query.go:582.11,585.83 1 0
docserver/db/query.go:588.18,591.28 1 0
docserver/db/query.go:591.28,592.43 1 0
docserver/db/query.go:592.43,595.5 1 0
docserver/db/query.go:595.10,598.5 1 0
docserver/db/query.go:599.9,603.64 1 0
docserver/db/query.go:603.64,605.5 1 0
docserver/db/query.go:607.4,607.97 1 0
docserver/db/query.go:610.10,613.109 2 0
docserver/db/query.go:632.97,635.16 2 5
docserver/db/query.go:635.16,637.3 1 0
docserver/db/query.go:640.2,644.30 3 5
docserver/db/query.go:644.30,648.15 3 5
docserver/db/query.go:648.15,650.13 2 1
docserver/db/query.go:650.13,651.53 1 0
docserver/db/query.go:651.53,652.39 1 0
docserver/db/query.go:652.39,654.12 2 0
docserver/db/query.go:660.3,661.40 2 5
docserver/db/query.go:662.16,663.24 1 0
docserver/db/query.go:664.17,665.25 1 0
docserver/db/query.go:666.18,667.36 1 4
docserver/db/query.go:668.11,669.110 1 1
docserver/db/query.go:672.3,672.18 1 4
docserver/db/query.go:672.18,673.12 1 1
docserver/db/query.go:677.3,677.25 1 3
docserver/db/query.go:677.25,679.18 2 0
docserver/db/query.go:679.18,683.13 2 0
docserver/db/query.go:685.4,685.21 1 0
docserver/db/query.go:685.21,686.13 1 0
docserver/db/query.go:691.3,691.43 1 3
docserver/db/query.go:694.5,698.19 3 4
docserver/db/query.go:698.19,700.6 1 2
docserver/db/query.go:703.5,704.19 2 2
docserver/db/query.go:704.19,706.6 1 0
docserver/db/query.go:709.2,709.42 1 2
docserver/db/query.go:714.72,715.37 1 4
docserver/db/query.go:715.37,718.40 3 0
docserver/db/query.go:719.35,720.71 1 0
docserver/db/query.go:721.34,722.63 1 0
docserver/db/query.go:723.17,725.25 1 0
docserver/db/query.go:730.5,730.41 1 4
docserver/db/query.go:730.41,732.40 2 3
docserver/db/query.go:732.40,735.10 1 0
docserver/db/query.go:736.11,736.62 1 1
docserver/db/query.go:736.62,738.6 1 1
docserver/db/query.go:742.5,742.36 1 3
docserver/db/query.go:743.56,743.56 0 2
docserver/db/query.go:745.17,746.120 1 1
docserver/db/query.go:750.5,751.15 2 2
docserver/db/query.go:758.92,759.18 1 2
docserver/db/query.go:759.18,761.6 1 0
docserver/db/query.go:762.5,762.19 1 2
docserver/db/query.go:762.19,764.6 1 0
docserver/db/query.go:765.5,765.25 1 2
docserver/db/query.go:765.25,767.6 1 0
docserver/db/query.go:769.5,772.32 3 2
docserver/db/query.go:772.32,774.6 1 1
docserver/db/query.go:776.5,776.29 1 1
docserver/db/query.go:776.29,778.6 1 1
docserver/db/query.go:780.5,780.42 1 1
docserver/db/query.go:783.46,786.2 2 0
docserver/db/query.go:789.42,792.2 2 0
docserver/docs/docs.go:1385.13,1387.2 1 0
docserver/utils/auth.go:23.62,25.16 2 14
docserver/utils/auth.go:25.16,28.3 2 0
docserver/utils/auth.go:29.2,29.27 1 14
docserver/utils/auth.go:33.52,37.2 2 17
docserver/utils/auth.go:49.79,50.25 1 14
docserver/utils/auth.go:50.25,53.3 2 0
docserver/utils/auth.go:55.2,69.16 5 14
docserver/utils/auth.go:69.16,72.3 2 0
docserver/utils/auth.go:74.2,74.25 1 14
docserver/utils/auth.go:79.75,80.25 1 75
docserver/utils/auth.go:80.25,83.3 2 0
docserver/utils/auth.go:85.2,86.101 2 75
docserver/utils/auth.go:86.101,88.58 1 75
docserver/utils/auth.go:88.58,90.4 1 0
docserver/utils/auth.go:91.3,91.36 1 75
docserver/utils/auth.go:94.2,94.16 1 75
docserver/utils/auth.go:94.16,95.42 1 0
docserver/utils/auth.go:95.42,98.4 2 0
docserver/utils/auth.go:99.3,100.51 2 0
docserver/utils/auth.go:103.2,103.18 1 75
docserver/utils/auth.go:103.18,106.3 2 0
docserver/utils/auth.go:113.2,113.20 1 75
docserver/utils/auth.go:118.57,119.30 1 5
docserver/utils/auth.go:119.30,121.23 2 79
docserver/utils/auth.go:121.23,124.4 2 4
docserver/utils/auth.go:126.3,127.63 2 75
docserver/utils/auth.go:127.63,130.4 2 0
docserver/utils/auth.go:132.3,134.17 3 75
docserver/utils/auth.go:134.17,137.4 2 0
docserver/utils/auth.go:140.3,143.11 3 75
docserver/utils/auth.go:157.37,162.21 3 4
docserver/utils/auth.go:162.21,164.3 1 24
docserver/utils/auth.go:165.2,165.20 1 4
docserver/utils/auth.go:175.20,189.2 8 4
docserver/utils/auth.go:196.18,199.12 2 5
docserver/utils/auth.go:199.12,201.3 1 1
docserver/utils/auth.go:203.2,203.30 1 4
docserver/utils/auth.go:203.30,207.3 2 1
docserver/utils/auth.go:209.2,209.30 1 3
docserver/utils/auth.go:209.30,211.3 1 1
docserver/utils/auth.go:214.2,215.18 2 2
docserver/utils/utils.go:13.36,16.2 2 13
docserver/utils/utils.go:25.63,28.2 2 49
docserver/utils/utils.go:31.52,33.2 1 20
docserver/utils/utils.go:36.54,38.2 1 10
docserver/utils/utils.go:41.51,43.2 1 8
docserver/utils/utils.go:46.50,48.2 1 9
docserver/utils/utils.go:51.61,53.2 1 0
docserver/docs/docs.go:1385.13,1387.2 1 0
docserver/main.go:116.13,122.16 3 0
docserver/main.go:122.16,124.3 1 0
docserver/main.go:127.2,128.16 2 0
docserver/main.go:128.16,131.3 1 0
docserver/main.go:136.2,145.2 5 0
docserver/main.go:145.2,147.50 1 0
docserver/main.go:147.50,149.4 1 0
docserver/main.go:151.3,151.49 1 0
docserver/main.go:151.49,153.4 1 0
docserver/main.go:155.3,155.59 1 0
docserver/main.go:155.59,157.4 1 0
docserver/main.go:159.3,159.58 1 0
docserver/main.go:159.58,161.4 1 0
docserver/main.go:166.2,171.2 4 0
docserver/main.go:171.2,173.48 1 0
docserver/main.go:173.48,175.4 1 0
docserver/main.go:177.3,177.48 1 0
docserver/main.go:177.48,179.4 1 0
docserver/main.go:181.3,181.51 1 0
docserver/main.go:181.51,183.4 1 0
docserver/main.go:185.3,185.45 1 0
docserver/main.go:185.45,187.4 1 0
docserver/main.go:191.2,193.2 3 0
docserver/main.go:193.2,195.42 1 0
docserver/main.go:195.42,197.4 1 0
docserver/main.go:199.3,199.41 1 0
docserver/main.go:199.41,201.4 1 0
docserver/main.go:203.3,203.45 1 0
docserver/main.go:203.45,205.4 1 0
docserver/main.go:207.3,207.45 1 0
docserver/main.go:207.45,209.4 1 0
docserver/main.go:211.3,211.48 1 0
docserver/main.go:211.48,213.4 1 0
docserver/main.go:216.3,217.3 2 0
docserver/main.go:217.3,219.44 1 0
docserver/main.go:219.44,221.5 1 0
docserver/main.go:223.4,223.44 1 0
docserver/main.go:223.44,225.5 1 0
docserver/main.go:227.4,227.56 1 0
docserver/main.go:227.56,229.5 1 0
docserver/main.go:231.4,231.59 1 0
docserver/main.go:231.59,233.5 1 0
docserver/main.go:240.2,240.67 1 0
docserver/main.go:240.67,242.3 1 0
docserver/main.go:246.2,247.16 2 0
docserver/main.go:247.16,249.3 1 0
docserver/main.go:251.2,271.79 6 0
docserver/main.go:271.79,273.3 1 0
docserver/api/handlers_auth.go:51.79,56.47 2 0
docserver/api/handlers_auth.go:56.47,59.3 2 0
docserver/api/handlers_auth.go:62.2,63.16 2 0
docserver/api/handlers_auth.go:63.16,67.3 2 0
docserver/api/handlers_auth.go:70.2,84.16 4 0
docserver/api/handlers_auth.go:84.16,87.54 1 0
docserver/api/handlers_auth.go:87.54,89.4 1 0
docserver/api/handlers_auth.go:89.9,91.4 1 0
docserver/api/handlers_auth.go:92.3,92.9 1 0
docserver/api/handlers_auth.go:99.2,110.38 2 0
docserver/api/handlers_auth.go:142.78,144.47 2 0
docserver/api/handlers_auth.go:144.47,147.3 2 0
docserver/api/handlers_auth.go:150.2,151.12 2 0
docserver/api/handlers_auth.go:151.12,154.3 2 0
docserver/api/handlers_auth.go:157.2,157.66 1 0
docserver/api/handlers_auth.go:157.66,160.3 2 0
docserver/api/handlers_auth.go:163.2,164.16 2 0
docserver/api/handlers_auth.go:164.16,168.3 2 0
docserver/api/handlers_auth.go:171.2,171.58 1 0
docserver/api/handlers_auth.go:187.79,192.2 1 0
docserver/api/handlers_auth.go:216.87,218.47 2 0
docserver/api/handlers_auth.go:218.47,221.3 2 0
docserver/api/handlers_auth.go:224.2,225.11 2 0
docserver/api/handlers_auth.go:225.11,228.17 2 0
docserver/api/handlers_auth.go:228.17,232.4 2 0
docserver/api/handlers_auth.go:233.8,236.3 1 0
docserver/api/handlers_auth.go:239.2,239.31 1 0
docserver/api/handlers_auth.go:269.86,271.47 2 0
docserver/api/handlers_auth.go:271.47,274.3 2 0
docserver/api/handlers_auth.go:277.2,278.16 2 0
docserver/api/handlers_auth.go:278.16,282.3 2 0
docserver/api/handlers_auth.go:283.2,283.15 1 0
docserver/api/handlers_auth.go:283.15,287.3 2 0
docserver/api/handlers_auth.go:290.2,291.16 2 0
docserver/api/handlers_auth.go:291.16,294.3 2 0
docserver/api/handlers_auth.go:297.2,298.16 2 0
docserver/api/handlers_auth.go:298.16,300.66 1 0
docserver/api/handlers_auth.go:300.66,302.4 1 0
docserver/api/handlers_auth.go:302.9,304.4 1 0
docserver/api/handlers_auth.go:305.3,305.9 1 0
docserver/api/handlers_auth.go:309.2,309.32 1 0
docserver/api/handlers_docs.go:51.87,53.13 2 0
docserver/api/handlers_docs.go:53.13,56.3 2 0
docserver/api/handlers_docs.go:57.2,61.41 3 0
docserver/api/handlers_docs.go:61.41,67.3 2 0
docserver/api/handlers_docs.go:70.2,78.16 3 0
docserver/api/handlers_docs.go:78.16,81.3 2 0
docserver/api/handlers_docs.go:83.2,83.40 1 0
docserver/api/handlers_docs.go:126.85,128.13 2 0
docserver/api/handlers_docs.go:128.13,131.3 2 0
docserver/api/handlers_docs.go:132.2,145.51 10 0
docserver/api/handlers_docs.go:145.51,148.3 2 0
docserver/api/handlers_docs.go:151.2,163.16 3 0
docserver/api/handlers_docs.go:163.16,169.70 1 0
docserver/api/handlers_docs.go:169.70,171.4 1 0
docserver/api/handlers_docs.go:171.9,173.4 1 0
docserver/api/handlers_docs.go:174.3,174.9 1 0
docserver/api/handlers_docs.go:178.2,183.4 1 0
docserver/api/handlers_docs.go:209.88,211.13 2 0
docserver/api/handlers_docs.go:211.13,214.3 2 0
docserver/api/handlers_docs.go:215.2,218.17 3 0
docserver/api/handlers_docs.go:218.17,221.3 2 0
docserver/api/handlers_docs.go:224.2,225.12 2 0
docserver/api/handlers_docs.go:225.12,228.3 2 0
docserver/api/handlers_docs.go:231.2,233.14 3 0
docserver/api/handlers_docs.go:233.14,235.17 2 0
docserver/api/handlers_docs.go:235.17,236.52 1 0
docserver/api/handlers_docs.go:236.52,237.30 1 0
docserver/api/handlers_docs.go:237.30,239.11 2 0
docserver/api/handlers_docs.go:245.2,245.27 1 0
docserver/api/handlers_docs.go:245.27,248.3 2 0
docserver/api/handlers_docs.go:251.2,251.28 1 0
docserver/api/handlers_docs.go:290.87,292.13 2 0
docserver/api/handlers_docs.go:292.13,295.3 2 0
docserver/api/handlers_docs.go:296.2,299.17 3 0
docserver/api/handlers_docs.go:299.17,302.3 2 0
docserver/api/handlers_docs.go:305.2,306.41 2 0
docserver/api/handlers_docs.go:306.41,309.3 2 0
docserver/api/handlers_docs.go:312.2,313.12 2 0
docserver/api/handlers_docs.go:313.12,316.3 2 0
docserver/api/handlers_docs.go:317.2,317.38 1 0
docserver/api/handlers_docs.go:317.38,320.3 2 0
docserver/api/handlers_docs.go:323.2,324.16 2 0
docserver/api/handlers_docs.go:324.16,326.66 1 0
docserver/api/handlers_docs.go:326.66,328.4 1 0
docserver/api/handlers_docs.go:328.9,330.4 1 0
docserver/api/handlers_docs.go:331.3,331.9 1 0
docserver/api/handlers_docs.go:334.2,334.35 1 0
docserver/api/handlers_docs.go:358.87,360.13 2 0
docserver/api/handlers_docs.go:360.13,363.3 2 0
docserver/api/handlers_docs.go:364.2,367.17 3 0
docserver/api/handlers_docs.go:367.17,370.3 2 0
docserver/api/handlers_docs.go:373.2,374.12 2 0
docserver/api/handlers_docs.go:374.12,379.3 2 0
docserver/api/handlers_docs.go:380.2,380.38 1 0
docserver/api/handlers_docs.go:380.38,383.3 2 0
docserver/api/handlers_docs.go:386.2,387.16 2 0
docserver/api/handlers_docs.go:387.16,389.66 1 0
docserver/api/handlers_docs.go:389.67,392.4 0 0
docserver/api/handlers_docs.go:392.9,395.4 2 0
docserver/api/handlers_docs.go:398.2,398.32 1 0
docserver/api/handlers_profiles.go:45.85,48.13 2 0
docserver/api/handlers_profiles.go:48.13,51.3 2 0
docserver/api/handlers_profiles.go:52.2,53.28 2 0
docserver/api/handlers_profiles.go:53.28,56.3 2 0
docserver/api/handlers_profiles.go:59.2,60.12 2 0
docserver/api/handlers_profiles.go:60.12,64.3 2 0
docserver/api/handlers_profiles.go:67.2,78.33 2 0
docserver/api/handlers_profiles.go:109.88,112.13 2 0
docserver/api/handlers_profiles.go:112.13,115.3 2 0
docserver/api/handlers_profiles.go:116.2,120.47 3 0
docserver/api/handlers_profiles.go:120.47,123.3 2 0
docserver/api/handlers_profiles.go:126.2,127.12 2 0
docserver/api/handlers_profiles.go:127.12,130.3 2 0
docserver/api/handlers_profiles.go:133.2,146.16 3 0
docserver/api/handlers_profiles.go:146.16,150.3 2 0
docserver/api/handlers_profiles.go:153.2,163.33 2 0
docserver/api/handlers_profiles.go:182.88,185.13 2 0
docserver/api/handlers_profiles.go:185.13,188.3 2 0
docserver/api/handlers_profiles.go:189.2,199.16 3 0
docserver/api/handlers_profiles.go:199.16,200.66 1 0
docserver/api/handlers_profiles.go:200.66,202.4 1 0
docserver/api/handlers_profiles.go:202.9,204.4 1 0
docserver/api/handlers_profiles.go:205.3,205.9 1 0
docserver/api/handlers_profiles.go:209.2,209.32 1 0
docserver/api/handlers_profiles.go:250.87,261.51 8 0
docserver/api/handlers_profiles.go:261.51,264.3 2 0
docserver/api/handlers_profiles.go:266.2,266.17 1 0
docserver/api/handlers_profiles.go:266.17,268.3 1 0
docserver/api/handlers_profiles.go:271.2,275.38 3 0
docserver/api/handlers_profiles.go:275.38,277.105 2 0
docserver/api/handlers_profiles.go:277.105,279.4 1 0
docserver/api/handlers_profiles.go:280.3,280.117 1 0
docserver/api/handlers_profiles.go:280.117,282.4 1 0
docserver/api/handlers_profiles.go:283.3,283.114 1 0
docserver/api/handlers_profiles.go:283.114,285.4 1 0
docserver/api/handlers_profiles.go:287.3,287.12 1 0
docserver/api/handlers_profiles.go:287.12,299.4 2 0
docserver/api/handlers_profiles.go:302.2,305.57 2 0
docserver/api/handlers_profiles.go:305.57,310.33 5 0
docserver/api/handlers_profiles.go:310.33,312.4 1 0
docserver/api/handlers_profiles.go:313.3,313.23 1 0
docserver/api/handlers_profiles.go:318.2,321.33 3 0
docserver/api/handlers_profiles.go:321.33,330.3 2 0
docserver/api/handlers_profiles.go:332.2,332.30 1 0
docserver/api/handlers_profiles.go:332.30,334.3 1 0
docserver/api/handlers_profiles.go:336.2,344.4 2 0
docserver/api/handlers_shares.go:16.93,18.13 2 0
docserver/api/handlers_shares.go:18.13,21.3 2 0
docserver/api/handlers_shares.go:22.2,25.12 3 0
docserver/api/handlers_shares.go:25.12,28.3 2 0
docserver/api/handlers_shares.go:30.2,30.30 1 0
docserver/api/handlers_shares.go:30.30,33.3 2 0
docserver/api/handlers_shares.go:35.2,35.24 1 0
docserver/api/handlers_shares.go:63.83,65.17 2 0
docserver/api/handlers_shares.go:65.17,68.3 2 0
docserver/api/handlers_shares.go:71.2,71.58 1 0
docserver/api/handlers_shares.go:71.58,73.3 1 0
docserver/api/handlers_shares.go:76.2,77.12 2 0
docserver/api/handlers_shares.go:77.12,81.3 2 0
docserver/api/handlers_shares.go:83.2,83.79 1 0
docserver/api/handlers_shares.go:125.83,129.17 2 0
docserver/api/handlers_shares.go:129.17,132.3 2 0
docserver/api/handlers_shares.go:135.2,136.9 2 0
docserver/api/handlers_shares.go:136.9,138.3 1 0
docserver/api/handlers_shares.go:141.2,143.41 2 0
docserver/api/handlers_shares.go:143.41,146.3 2 0
docserver/api/handlers_shares.go:149.2,150.43 2 0
docserver/api/handlers_shares.go:150.43,152.22 2 0
docserver/api/handlers_shares.go:152.22,153.12 1 0
docserver/api/handlers_shares.go:155.3,155.27 1 0
docserver/api/handlers_shares.go:155.27,158.4 2 0
docserver/api/handlers_shares.go:165.3,165.49 1 0
docserver/api/handlers_shares.go:170.2,171.16 2 0
docserver/api/handlers_shares.go:171.16,175.3 2 0
docserver/api/handlers_shares.go:177.2,177.32 1 0
docserver/api/handlers_shares.go:202.82,207.36 3 0
docserver/api/handlers_shares.go:207.36,210.3 2 0
docserver/api/handlers_shares.go:213.2,214.9 2 0
docserver/api/handlers_shares.go:214.9,216.3 1 0
docserver/api/handlers_shares.go:219.2,219.26 1 0
docserver/api/handlers_shares.go:219.26,222.3 2 0
docserver/api/handlers_shares.go:232.2,233.16 2 0
docserver/api/handlers_shares.go:233.16,236.3 2 0
docserver/api/handlers_shares.go:238.2,238.32 1 0
docserver/api/handlers_shares.go:262.85,267.36 3 0
docserver/api/handlers_shares.go:267.36,270.3 2 0
docserver/api/handlers_shares.go:273.2,273.58 1 0
docserver/api/handlers_shares.go:273.58,275.3 1 0
docserver/api/handlers_shares.go:278.2,279.16 2 0
docserver/api/handlers_shares.go:279.16,282.3 2 0
docserver/api/handlers_shares.go:285.2,285.32 1 0
docserver/config/config.go:48.36,75.52 12 0
docserver/config/config.go:75.52,77.3 1 0
docserver/config/config.go:80.2,81.56 2 0
docserver/config/config.go:81.56,83.3 1 0
docserver/config/config.go:86.2,88.79 2 0
docserver/config/config.go:88.79,91.17 2 0
docserver/config/config.go:91.17,93.4 1 0
docserver/config/config.go:93.9,95.4 1 0
docserver/config/config.go:102.2,103.73 2 0
docserver/config/config.go:103.73,105.3 1 0
docserver/config/config.go:109.2,111.16 3 0
docserver/config/config.go:111.16,114.3 2 0
docserver/config/config.go:118.2,118.29 1 0
docserver/config/config.go:118.29,121.17 2 0
docserver/config/config.go:121.17,124.4 1 0
docserver/config/config.go:124.9,127.4 2 0
docserver/config/config.go:131.2,131.25 1 0
docserver/config/config.go:131.25,134.26 2 0
docserver/config/config.go:134.26,136.4 1 0
docserver/config/config.go:140.2,140.25 1 0
docserver/config/config.go:140.25,143.3 1 0
docserver/config/config.go:145.2,145.44 1 0
docserver/config/config.go:145.44,147.3 1 0
docserver/config/config.go:151.2,152.16 2 0
docserver/config/config.go:152.16,156.3 1 0
docserver/config/config.go:156.8,158.3 1 0
docserver/config/config.go:161.2,162.36 2 0
docserver/config/config.go:162.36,164.3 1 0
docserver/config/config.go:171.2,173.17 2 0
docserver/config/config.go:177.42,178.48 1 0
docserver/config/config.go:178.48,180.3 1 0
docserver/config/config.go:181.2,181.17 1 0
docserver/config/config.go:186.49,187.48 1 0
docserver/config/config.go:187.48,188.33 1 0
docserver/config/config.go:189.27,190.15 1 0
docserver/config/config.go:191.27,192.16 1 0
docserver/config/config.go:194.3,194.119 1 0
docserver/config/config.go:196.2,196.17 1 0
docserver/config/config.go:200.36,211.2 10 0
docserver/config/config.go:214.51,215.29 1 0
docserver/config/config.go:215.29,218.57 2 0
docserver/config/config.go:218.57,220.4 1 0
docserver/config/config.go:223.2,223.100 1 0
docserver/config/config.go:223.100,225.3 1 0
docserver/config/config.go:230.2,230.41 1 0
docserver/config/config.go:234.81,236.2 1 0
docserver/db/database.go:37.57,56.16 4 22
docserver/db/database.go:56.16,61.26 1 0
docserver/db/database.go:61.26,64.4 2 0
docserver/db/database.go:68.2,68.16 1 22
docserver/db/database.go:74.36,80.18 4 25
docserver/db/database.go:80.18,81.25 1 23
docserver/db/database.go:81.25,88.4 5 23
docserver/db/database.go:90.3,97.13 5 0
docserver/db/database.go:102.2,103.16 2 2
docserver/db/database.go:103.16,107.34 2 1
docserver/db/database.go:107.34,109.4 1 1
docserver/db/database.go:110.3,110.35 1 1
docserver/db/database.go:110.35,112.4 1 1
docserver/db/database.go:113.3,113.38 1 1
docserver/db/database.go:113.38,115.4 1 1
docserver/db/database.go:117.3,117.13 1 1
docserver/db/database.go:121.2,121.33 1 1
docserver/db/database.go:121.33,123.3 1 0
docserver/db/database.go:124.2,124.34 1 1
docserver/db/database.go:124.34,126.3 1 0
docserver/db/database.go:127.2,127.37 1 1
docserver/db/database.go:127.37,129.3 1 0
docserver/db/database.go:131.2,134.12 2 1
docserver/db/database.go:140.37,147.16 5 21
docserver/db/database.go:147.16,150.3 2 0
docserver/db/database.go:153.2,158.16 4 21
docserver/db/database.go:158.16,161.3 2 0
docserver/db/database.go:164.2,164.28 1 21
docserver/db/database.go:164.28,166.58 1 20
docserver/db/database.go:166.58,169.18 2 7
docserver/db/database.go:169.18,173.5 1 0
docserver/db/database.go:173.10,175.5 1 7
docserver/db/database.go:176.9,176.33 1 13
docserver/db/database.go:176.33,179.10 1 0
docserver/db/database.go:183.2,184.16 2 21
docserver/db/database.go:184.16,190.3 3 0
docserver/db/database.go:192.2,193.12 2 21
docserver/db/database.go:199.35,204.36 3 21
docserver/db/database.go:204.36,207.19 2 2
docserver/db/database.go:207.19,208.48 1 2
docserver/db/database.go:208.48,211.14 1 0
docserver/db/database.go:213.9,213.15 1 2
docserver/db/database.go:218.5,218.28 1 19
docserver/db/database.go:218.28,220.6 1 8
docserver/db/database.go:223.5,226.66 2 19
docserver/db/database.go:226.66,228.28 2 13
docserver/db/database.go:228.28,231.10 2 0
docserver/db/database.go:232.9,236.44 4 13
docserver/db/database.go:236.44,240.10 1 0
docserver/db/database.go:242.5,242.102 1 19
docserver/db/database.go:249.74,254.2 4 2
docserver/db/database.go:259.73,264.12 4 3
docserver/db/database.go:264.12,266.3 1 1
docserver/db/database.go:278.2,278.40 1 2
docserver/db/database.go:283.45,288.2 4 2
docserver/db/database.go:296.83,301.55 3 2
docserver/db/database.go:301.55,302.62 1 1
docserver/db/database.go:302.62,304.4 1 1
docserver/db/database.go:308.2,308.22 1 1
docserver/db/database.go:308.22,312.3 1 1
docserver/db/database.go:313.2,314.35 2 1
docserver/db/database.go:314.35,316.3 1 1
docserver/db/database.go:317.2,325.21 5 1
docserver/db/database.go:330.70,336.2 4 2
docserver/db/database.go:340.76,344.47 3 3
docserver/db/database.go:344.47,345.46 1 6
docserver/db/database.go:345.46,347.4 1 2
docserver/db/database.go:349.2,349.32 1 1
docserver/db/database.go:356.101,361.12 4 3
docserver/db/database.go:361.12,363.3 1 1
docserver/db/database.go:366.2,370.69 4 2
docserver/db/database.go:370.69,371.42 1 2
docserver/db/database.go:371.42,372.70 1 4
docserver/db/database.go:372.70,374.5 1 1
docserver/db/database.go:379.2,385.28 4 1
docserver/db/database.go:391.52,396.12 4 2
docserver/db/database.go:396.12,398.3 1 1
docserver/db/database.go:400.2,409.12 4 1
docserver/db/database.go:414.55,419.50 4 2
docserver/db/database.go:419.50,421.6 1 2
docserver/db/database.go:422.5,422.20 1 2
docserver/db/database.go:427.87,435.48 5 2
docserver/db/database.go:435.48,436.46 1 2
docserver/db/database.go:436.46,439.9 3 1
docserver/db/database.go:443.2,443.12 1 2
docserver/db/database.go:443.12,445.3 1 1
docserver/db/database.go:448.2,461.12 7 1
docserver/db/database.go:469.82,473.23 3 1
docserver/db/database.go:473.23,476.3 1 0
docserver/db/database.go:484.2,495.17 8 1
docserver/db/database.go:499.72,505.2 4 2
docserver/db/database.go:509.75,514.44 4 3
docserver/db/database.go:514.44,515.29 1 9
docserver/db/database.go:515.29,517.4 1 3
docserver/db/database.go:519.2,519.13 1 3
docserver/db/database.go:523.57,528.47 4 25
docserver/db/database.go:528.47,530.6 1 94
docserver/db/database.go:531.5,531.16 1 25
docserver/db/database.go:537.88,542.12 4 2
docserver/db/database.go:542.12,544.3 1 1
docserver/db/database.go:547.2,556.25 6 1
docserver/db/database.go:562.53,567.12 4 2
docserver/db/database.go:567.12,569.3 1 1
docserver/db/database.go:572.2,577.22 4 1
docserver/db/database.go:577.22,580.3 2 1
docserver/db/database.go:583.2,585.12 2 1
docserver/db/database.go:593.89,599.11 4 38
docserver/db/database.go:599.11,601.3 1 8
docserver/db/database.go:602.2,602.22 1 38
docserver/db/database.go:608.77,622.23 3 7
docserver/db/database.go:622.23,624.3 1 1
docserver/db/database.go:627.2,629.39 3 7
docserver/db/database.go:629.39,630.36 1 11
docserver/db/database.go:630.36,633.4 2 10
docserver/db/database.go:637.2,637.31 1 7
docserver/db/database.go:637.31,644.3 3 5
docserver/db/database.go:644.8,648.3 2 2
docserver/db/database.go:652.2,654.12 2 7
docserver/db/database.go:659.72,667.12 4 3
docserver/db/database.go:667.12,673.3 1 1
docserver/db/database.go:673.8,676.48 2 2
docserver/db/database.go:676.48,677.31 1 2
docserver/db/database.go:677.31,679.10 2 1
docserver/db/database.go:682.3,682.21 1 2
docserver/db/database.go:682.21,684.4 1 1
docserver/db/database.go:684.9,687.4 1 1
docserver/db/database.go:690.2,696.12 4 2
docserver/db/database.go:702.77,707.12 4 4
docserver/db/database.go:707.12,710.3 1 1
docserver/db/database.go:713.2,714.47 2 3
docserver/db/database.go:714.47,715.30 1 3
docserver/db/database.go:715.30,717.9 2 2
docserver/db/database.go:721.2,721.22 1 3
[...]
docserver/api/handlers_shares.go:219.26,222.3 2 0
docserver/api/handlers_shares.go:232.2,233.16 2 0
docserver/api/handlers_shares.go:233.16,236.3 2 0
docserver/api/handlers_shares.go:238.2,238.32 1 0
docserver/api/handlers_shares.go:262.85,267.36 3 0
docserver/api/handlers_shares.go:267.36,270.3 2 0
docserver/api/handlers_shares.go:273.2,273.58 1 0
docserver/api/handlers_shares.go:273.58,275.3 1 0
docserver/api/handlers_shares.go:278.2,279.16 2 0
docserver/api/handlers_shares.go:279.16,282.3 2 0
docserver/api/handlers_shares.go:285.2,285.32 1 0
docserver/config/config.go:48.36,75.52 12 0
docserver/config/config.go:75.52,77.3 1 0
docserver/config/config.go:80.2,81.56 2 0
docserver/config/config.go:81.56,83.3 1 0
docserver/config/config.go:86.2,88.79 2 0
docserver/config/config.go:88.79,91.17 2 0
docserver/config/config.go:91.17,93.4 1 0
docserver/config/config.go:93.9,95.4 1 0
docserver/config/config.go:102.2,103.73 2 0
docserver/config/config.go:103.73,105.3 1 0
docserver/config/config.go:109.2,111.16 3 0
docserver/config/config.go:111.16,114.3 2 0
docserver/config/config.go:118.2,118.29 1 0
docserver/config/config.go:118.29,121.17 2 0
docserver/config/config.go:121.17,124.4 1 0
docserver/config/config.go:124.9,127.4 2 0
docserver/config/config.go:131.2,131.25 1 0
docserver/config/config.go:131.25,134.26 2 0
docserver/config/config.go:134.26,136.4 1 0
docserver/config/config.go:140.2,140.25 1 0
docserver/config/config.go:140.25,143.3 1 0
docserver/config/config.go:145.2,145.44 1 0
docserver/config/config.go:145.44,147.3 1 0
docserver/config/config.go:151.2,152.16 2 0
docserver/config/config.go:152.16,156.3 1 0
docserver/config/config.go:156.8,158.3 1 0
docserver/config/config.go:161.2,162.36 2 0
docserver/config/config.go:162.36,164.3 1 0
docserver/config/config.go:171.2,173.17 2 0
docserver/config/config.go:177.42,178.48 1 0
docserver/config/config.go:178.48,180.3 1 0
docserver/config/config.go:181.2,181.17 1 0
docserver/config/config.go:186.49,187.48 1 0
docserver/config/config.go:187.48,188.33 1 0
docserver/config/config.go:189.27,190.15 1 0
docserver/config/config.go:191.27,192.16 1 0
docserver/config/config.go:194.3,194.119 1 0
docserver/config/config.go:196.2,196.17 1 0
docserver/config/config.go:200.36,211.2 10 0
docserver/config/config.go:214.51,215.29 1 0
docserver/config/config.go:215.29,218.57 2 0
docserver/config/config.go:218.57,220.4 1 0
docserver/config/config.go:223.2,223.100 1 0
docserver/config/config.go:223.100,225.3 1 0
docserver/config/config.go:230.2,230.41 1 0
docserver/config/config.go:234.81,236.2 1 0
docserver/db/database.go:37.57,56.16 4 0
docserver/db/database.go:56.16,61.26 1 0
docserver/db/database.go:61.26,64.4 2 0
docserver/db/database.go:68.2,68.16 1 0
docserver/db/database.go:74.36,80.18 4 0
docserver/db/database.go:80.18,81.25 1 0
docserver/db/database.go:81.25,88.4 5 0
docserver/db/database.go:90.3,97.13 5 0
docserver/db/database.go:102.2,103.16 2 0
docserver/db/database.go:103.16,107.34 2 0
docserver/db/database.go:107.34,109.4 1 0
docserver/db/database.go:110.3,110.35 1 0
docserver/db/database.go:110.35,112.4 1 0
docserver/db/database.go:113.3,113.38 1 0
docserver/db/database.go:113.38,115.4 1 0
docserver/db/database.go:117.3,117.13 1 0
docserver/db/database.go:121.2,121.33 1 0
docserver/db/database.go:121.33,123.3 1 0
docserver/db/database.go:124.2,124.34 1 0
docserver/db/database.go:124.34,126.3 1 0
docserver/db/database.go:127.2,127.37 1 0
docserver/db/database.go:127.37,129.3 1 0
docserver/db/database.go:131.2,134.12 2 0
docserver/db/database.go:140.37,147.16 5 0
docserver/db/database.go:147.16,150.3 2 0
docserver/db/database.go:153.2,158.16 4 0
docserver/db/database.go:158.16,161.3 2 0
docserver/db/database.go:164.2,164.28 1 0
docserver/db/database.go:164.28,166.58 1 0
docserver/db/database.go:166.58,169.18 2 0
docserver/db/database.go:169.18,173.5 1 0
docserver/db/database.go:173.10,175.5 1 0
docserver/db/database.go:176.9,176.33 1 0
docserver/db/database.go:176.33,179.10 1 0
docserver/db/database.go:183.2,184.16 2 0
docserver/db/database.go:184.16,190.3 3 0
docserver/db/database.go:192.2,193.12 2 0
docserver/db/database.go:199.35,204.36 3 0
docserver/db/database.go:204.36,207.19 2 0
docserver/db/database.go:207.19,208.48 1 0
docserver/db/database.go:208.48,211.14 1 0
docserver/db/database.go:213.9,213.15 1 0
docserver/db/database.go:218.5,218.28 1 0
docserver/db/database.go:218.28,220.6 1 0
docserver/db/database.go:223.5,226.66 2 0
docserver/db/database.go:226.66,228.28 2 0
docserver/db/database.go:228.28,231.10 2 0
docserver/db/database.go:232.9,236.44 4 0
docserver/db/database.go:236.44,240.10 1 0
docserver/db/database.go:242.5,242.102 1 0
docserver/db/database.go:249.74,254.2 4 0
docserver/db/database.go:259.73,264.12 4 0
docserver/db/database.go:264.12,266.3 1 0
docserver/db/database.go:278.2,278.40 1 0
docserver/db/database.go:283.45,288.2 4 0
docserver/db/database.go:296.83,301.55 3 0
docserver/db/database.go:301.55,302.62 1 0
docserver/db/database.go:302.62,304.4 1 0
docserver/db/database.go:308.2,308.22 1 0
docserver/db/database.go:308.22,312.3 1 0
docserver/db/database.go:313.2,314.35 2 0
docserver/db/database.go:314.35,316.3 1 0
docserver/db/database.go:317.2,325.21 5 0
docserver/db/database.go:330.70,336.2 4 0
docserver/db/database.go:340.76,344.47 3 0
docserver/db/database.go:344.47,345.46 1 0
docserver/db/database.go:345.46,347.4 1 0
docserver/db/database.go:349.2,349.32 1 0
docserver/db/database.go:356.101,361.12 4 0
docserver/db/database.go:361.12,363.3 1 0
docserver/db/database.go:366.2,370.69 4 0
docserver/db/database.go:370.69,371.42 1 0
docserver/db/database.go:371.42,372.70 1 0
docserver/db/database.go:372.70,374.5 1 0
docserver/db/database.go:379.2,385.28 4 0
docserver/db/database.go:391.52,396.12 4 0
docserver/db/database.go:396.12,398.3 1 0
docserver/db/database.go:400.2,409.12 4 0
docserver/db/database.go:414.55,419.50 4 0
docserver/db/database.go:419.50,421.6 1 0
docserver/db/database.go:422.5,422.20 1 0
docserver/db/database.go:427.87,435.48 5 0
docserver/db/database.go:435.48,436.46 1 0
docserver/db/database.go:436.46,439.9 3 0
docserver/db/database.go:443.2,443.12 1 0
docserver/db/database.go:443.12,445.3 1 0
docserver/db/database.go:448.2,461.12 7 0
docserver/db/database.go:469.82,473.23 3 0
docserver/db/database.go:473.23,476.3 1 0
docserver/db/database.go:484.2,495.17 8 0
docserver/db/database.go:499.72,505.2 4 0
docserver/db/database.go:509.75,514.44 4 0
docserver/db/database.go:514.44,515.29 1 0
docserver/db/database.go:515.29,517.4 1 0
docserver/db/database.go:519.2,519.13 1 0
docserver/db/database.go:523.57,528.47 4 0
docserver/db/database.go:528.47,530.6 1 0
docserver/db/database.go:531.5,531.16 1 0
docserver/db/database.go:537.88,542.12 4 0
docserver/db/database.go:542.12,544.3 1 0
docserver/db/database.go:547.2,556.25 6 0
docserver/db/database.go:562.53,567.12 4 0
docserver/db/database.go:567.12,569.3 1 0
docserver/db/database.go:572.2,577.22 4 0
docserver/db/database.go:577.22,580.3 2 0
docserver/db/database.go:583.2,585.12 2 0
docserver/db/database.go:593.89,599.11 4 0
docserver/db/database.go:599.11,601.3 1 0
docserver/db/database.go:602.2,602.22 1 0
docserver/db/database.go:608.77,622.23 3 0
docserver/db/database.go:622.23,624.3 1 0
docserver/db/database.go:627.2,629.39 3 0
docserver/db/database.go:629.39,630.36 1 0
docserver/db/database.go:630.36,633.4 2 0
docserver/db/database.go:637.2,637.31 1 0
docserver/db/database.go:637.31,644.3 3 0
docserver/db/database.go:644.8,648.3 2 0
docserver/db/database.go:652.2,654.12 2 0
docserver/db/database.go:659.72,667.12 4 0
docserver/db/database.go:667.12,673.3 1 0
docserver/db/database.go:673.8,676.48 2 0
docserver/db/database.go:676.48,677.31 1 0
docserver/db/database.go:677.31,679.10 2 0
docserver/db/database.go:682.3,682.21 1 0
docserver/db/database.go:682.21,684.4 1 0
docserver/db/database.go:684.9,687.4 1 0
docserver/db/database.go:690.2,696.12 4 0
docserver/db/database.go:702.77,707.12 4 0
docserver/db/database.go:707.12,710.3 1 0
docserver/db/database.go:713.2,714.47 2 0
docserver/db/database.go:714.47,715.30 1 0
docserver/db/database.go:715.30,717.9 2 0
docserver/db/database.go:721.2,721.22 1 0
docserver/db/database.go:721.22,725.33 2 0
docserver/db/database.go:725.33,729.4 2 0
docserver/db/database.go:729.9,733.4 2 0
docserver/db/database.go:736.3,736.19 1 0
docserver/db/database.go:738.8,741.3 1 0
docserver/db/database.go:742.1,742.11 1 0
docserver/db/database.go:747.35,754.25 4 0
docserver/db/database.go:754.25,758.3 3 0
docserver/db/database.go:761.2,761.20 1 0
docserver/db/database.go:761.20,764.3 2 0
docserver/db/database.go:765.2,768.23 2 0
docserver/db/database.go:768.23,770.38 2 0
docserver/db/database.go:770.38,773.4 2 0
docserver/db/database.go:774.3,774.57 1 0
docserver/db/database.go:775.8,777.3 1 0
docserver/db/database.go:779.2,779.12 1 0
docserver/db/query.go:70.67,71.26 1 0
docserver/db/query.go:71.26,73.3 1 0
docserver/db/query.go:75.2,78.34 3 0
docserver/db/query.go:78.34,80.17 2 0
docserver/db/query.go:80.17,82.4 1 0
docserver/db/query.go:84.3,84.27 1 0
docserver/db/query.go:84.27,86.18 2 0
docserver/db/query.go:86.18,88.5 1 0
docserver/db/query.go:89.4,89.60 1 0
docserver/db/query.go:90.9,92.45 2 0
docserver/db/query.go:92.45,94.5 1 0
docserver/db/query.go:95.4,95.46 1 0
docserver/db/query.go:97.3,97.47 1 0
docserver/db/query.go:102.2,102.49 1 0
docserver/db/query.go:102.49,104.3 1 0
docserver/db/query.go:107.2,107.81 1 0
docserver/db/query.go:107.81,110.3 1 0
docserver/db/query.go:112.2,112.20 1 0
docserver/db/query.go:117.72,120.20 2 0
docserver/db/query.go:120.20,122.3 1 0
docserver/db/query.go:124.2,131.44 5 0
docserver/db/query.go:131.44,136.28 4 0
docserver/db/query.go:136.28,138.4 1 0
docserver/db/query.go:139.3,139.66 1 0
docserver/db/query.go:141.8,141.28 1 0
docserver/db/query.go:141.28,146.28 4 0
docserver/db/query.go:146.28,148.4 1 0
docserver/db/query.go:149.3,153.65 3 0
docserver/db/query.go:153.65,155.4 1 0
docserver/db/query.go:156.8,158.57 2 0
docserver/db/query.go:158.57,160.4 1 0
docserver/db/query.go:161.3,161.66 1 0
docserver/db/query.go:165.2,165.49 1 0
docserver/db/query.go:165.49,168.19 3 0
docserver/db/query.go:168.19,170.4 1 0
docserver/db/query.go:171.3,172.26 2 0
docserver/db/query.go:176.2,182.98 4 0
docserver/db/query.go:182.98,186.3 2 0
docserver/db/query.go:186.8,186.35 1 0
docserver/db/query.go:186.35,190.3 2 0
docserver/db/query.go:190.8,190.53 1 0
docserver/db/query.go:190.53,194.3 2 0
docserver/db/query.go:194.8,194.52 1 0
docserver/db/query.go:194.52,198.8 3 0
docserver/db/query.go:198.8,200.4 1 0
docserver/db/query.go:201.8,205.3 2 0
docserver/db/query.go:208.2,215.8 1 0
docserver/db/query.go:222.97,223.48 1 0
docserver/db/query.go:223.48,225.3 1 0
docserver/db/query.go:228.2,229.16 2 0
docserver/db/query.go:229.16,232.3 1 0
docserver/db/query.go:235.2,235.36 1 0
docserver/db/query.go:235.36,236.35 1 0
docserver/db/query.go:236.35,239.4 1 0
docserver/db/query.go:241.3,242.17 2 0
docserver/db/query.go:242.17,245.4 1 0
docserver/db/query.go:247.3,247.16 1 0
docserver/db/query.go:248.17,249.33 1 0
docserver/db/query.go:250.16,251.33 1 0
docserver/db/query.go:255.2,255.20 1 0
docserver/db/query.go:259.101,263.33 2 0
docserver/db/query.go:264.14,265.18 1 0
docserver/db/query.go:266.10,269.17 2 0
docserver/db/query.go:269.17,275.72 3 0
docserver/db/query.go:275.72,277.14 1 0
docserver/db/query.go:279.9,281.4 1 0
docserver/db/query.go:284.5,285.79 2 0
docserver/db/query.go:285.79,287.6 1 0
docserver/db/query.go:291.2,292.21 2 0
docserver/db/query.go:292.21,295.3 1 0
docserver/db/query.go:295.8,298.50 2 0
docserver/db/query.go:298.50,300.10 1 0
docserver/db/query.go:308.5,308.20 1 0
docserver/db/query.go:308.20,310.68 1 0
docserver/db/query.go:310.68,313.10 1 0
docserver/db/query.go:315.9,315.51 1 0
docserver/db/query.go:319.2,319.44 1 0
docserver/db/query.go:323.68,325.22 2 0
docserver/db/query.go:325.22,327.6 1 0
docserver/db/query.go:328.5,328.18 1 0
docserver/db/query.go:331.59,332.20 1 0
docserver/db/query.go:333.13,334.21 1 0
docserver/db/query.go:340.78,344.9 2 0
docserver/db/query.go:344.9,348.3 1 0
docserver/db/query.go:350.2,351.24 2 0
docserver/db/query.go:351.24,355.6 3 0
docserver/db/query.go:357.5,357.15 1 0
docserver/db/query.go:358.41,359.42 1 0
docserver/db/query.go:360.47,361.42 1 0
docserver/db/query.go:362.45,363.58 1 0
docserver/db/query.go:364.49,365.59 1 0
docserver/db/query.go:366.45,367.59 1 0
docserver/db/query.go:368.13,370.105 1 0
docserver/db/query.go:376.84,387.21 5 0
docserver/db/query.go:387.21,388.21 1 0
docserver/db/query.go:389.60,391.63 1 0
docserver/db/query.go:391.63,394.5 1 0
docserver/db/query.go:401.2,401.75 1 0
docserver/db/query.go:401.75,406.58 2 0
docserver/db/query.go:406.58,409.22 2 0
docserver/db/query.go:410.22,412.36 1 0
docserver/db/query.go:412.36,415.28 3 0
docserver/db/query.go:415.28,417.7 1 0
docserver/db/query.go:417.12,419.7 1 0
docserver/db/query.go:420.11,422.6 1 0
docserver/db/query.go:423.22,425.36 1 0
docserver/db/query.go:425.36,428.6 2 0
docserver/db/query.go:428.11,430.6 1 0
docserver/db/query.go:431.33,433.64 1 0
docserver/db/query.go:433.64,436.6 2 0
docserver/db/query.go:436.11,438.6 1 0
docserver/db/query.go:439.20,441.49 1 0
docserver/db/query.go:444.4,444.22 1 0
docserver/db/query.go:444.22,447.5 2 0
docserver/db/query.go:448.4,448.15 1 0
docserver/db/query.go:450.3,450.20 1 0
docserver/db/query.go:455.2,458.37 3 0
docserver/db/query.go:458.37,460.38 1 0
docserver/db/query.go:460.38,461.14 1 0
docserver/db/query.go:462.18,462.35 1 0
docserver/db/query.go:463.21,463.39 1 0
docserver/db/query.go:466.12,466.97 1 0
docserver/db/query.go:468.9,469.14 1 0
docserver/db/query.go:470.18,470.36 1 0
docserver/db/query.go:471.21,471.38 1 0
docserver/db/query.go:474.20,474.38 1 0
docserver/db/query.go:476.12,476.116 1 0
docserver/db/query.go:484.2,484.20 1 0
docserver/db/query.go:485.20,488.13 2 0
docserver/db/query.go:489.68,491.35 1 0
docserver/db/query.go:491.35,493.26 1 0
docserver/db/query.go:493.26,493.46 1 0
docserver/db/query.go:496.5,496.123 1 0
docserver/db/query.go:499.4,501.26 3 0
docserver/db/query.go:501.26,505.5 3 0
docserver/db/query.go:507.4,507.14 1 0
docserver/db/query.go:508.40,508.76 1 0
docserver/db/query.go:509.46,509.82 1 0
docserver/db/query.go:510.44,510.96 1 0
docserver/db/query.go:511.48,511.101 1 0
docserver/db/query.go:512.44,512.97 1 0
docserver/db/query.go:513.12,514.81 1 0
docserver/db/query.go:516.11,519.101 1 0
docserver/db/query.go:522.20,525.13 2 0
docserver/db/query.go:526.100,528.35 1 0
docserver/db/query.go:528.35,530.26 1 0
docserver/db/query.go:530.26,530.46 1 0
docserver/db/query.go:533.5,533.129 1 0
docserver/db/query.go:536.4,537.26 2 0
docserver/db/query.go:537.26,539.5 1 0
docserver/db/query.go:541.4,541.14 1 0
docserver/db/query.go:542.18,542.50 1 0
docserver/db/query.go:543.21,543.53 1 0
docserver/db/query.go:544.23,544.54 1 0
docserver/db/query.go:545.20,545.51 1 0
docserver/db/query.go:546.31,546.63 1 0
docserver/db/query.go:547.28,547.60 1 0
docserver/db/query.go:548.12,549.82 1 0
docserver/db/query.go:551.11,554.102 1 0
docserver/db/query.go:557.31,560.13 2 0
docserver/db/query.go:561.30,563.66 1 0
docserver/db/query.go:563.66,565.26 1 0
docserver/db/query.go:565.26,565.46 1 0
docserver/db/query.go:568.5,568.130 1 0
docserver/db/query.go:571.4,572.26 2 0
docserver/db/query.go:572.26,574.5 1 0
docserver/db/query.go:576.4,576.14 1 0
docserver/db/query.go:577.18,577.52 1 0
docserver/db/query.go:578.21,578.55 1 0
docserver/db/query.go:579.12,580.82 1 0
docserver/db/query.go:582.11,585.83 1 0
docserver/db/query.go:588.18,591.28 1 0
docserver/db/query.go:591.28,592.43 1 0
docserver/db/query.go:592.43,595.5 1 0
docserver/db/query.go:595.10,598.5 1 0
docserver/db/query.go:599.9,603.64 1 0
docserver/db/query.go:603.64,605.5 1 0
docserver/db/query.go:607.4,607.97 1 0
docserver/db/query.go:610.10,613.109 2 0
docserver/db/query.go:632.97,635.16 2 0
docserver/db/query.go:635.16,637.3 1 0
docserver/db/query.go:640.2,644.30 3 0
docserver/db/query.go:644.30,648.15 3 0
docserver/db/query.go:648.15,650.13 2 0
docserver/db/query.go:650.13,651.53 1 0
docserver/db/query.go:651.53,652.39 1 0
docserver/db/query.go:652.39,654.12 2 0
docserver/db/query.go:660.3,661.40 2 0
docserver/db/query.go:662.16,663.24 1 0
docserver/db/query.go:664.17,665.25 1 0
docserver/db/query.go:666.18,667.36 1 0
docserver/db/query.go:668.11,669.110 1 0
docserver/db/query.go:672.3,672.18 1 0
docserver/db/query.go:672.18,673.12 1 0
docserver/db/query.go:677.3,677.25 1 0
docserver/db/query.go:677.25,679.18 2 0
docserver/db/query.go:679.18,683.13 2 0
docserver/db/query.go:685.4,685.21 1 0
docserver/db/query.go:685.21,686.13 1 0
docserver/db/query.go:691.3,691.43 1 0
docserver/db/query.go:694.5,698.19 3 0
docserver/db/query.go:698.19,700.6 1 0
docserver/db/query.go:703.5,704.19 2 0
docserver/db/query.go:704.19,706.6 1 0
docserver/db/query.go:709.2,709.42 1 0
docserver/db/query.go:714.72,715.37 1 0
docserver/db/query.go:715.37,718.40 3 0
docserver/db/query.go:719.35,720.71 1 0
docserver/db/query.go:721.34,722.63 1 0
docserver/db/query.go:723.17,725.25 1 0
docserver/db/query.go:730.5,730.41 1 0
docserver/db/query.go:730.41,732.40 2 0
docserver/db/query.go:732.40,735.10 1 0
docserver/db/query.go:736.11,736.62 1 0
docserver/db/query.go:736.62,738.6 1 0
docserver/db/query.go:742.5,742.36 1 0
docserver/db/query.go:743.56,743.56 0 0
docserver/db/query.go:745.17,746.120 1 0
docserver/db/query.go:750.5,751.15 2 0
docserver/db/query.go:758.92,759.18 1 0
docserver/db/query.go:759.18,761.6 1 0
docserver/db/query.go:762.5,762.19 1 0
docserver/db/query.go:762.19,764.6 1 0
docserver/db/query.go:765.5,765.25 1 0
docserver/db/query.go:765.25,767.6 1 0
docserver/db/query.go:769.5,772.32 3 0
docserver/db/query.go:772.32,774.6 1 0
docserver/db/query.go:776.5,776.29 1 0
docserver/db/query.go:776.29,778.6 1 0
docserver/db/query.go:780.5,780.42 1 0
docserver/db/query.go:783.46,786.2 2 0
docserver/db/query.go:789.42,792.2 2 0
docserver/docs/docs.go:1385.13,1387.2 1 0
docserver/utils/auth.go:23.62,25.16 2 0
docserver/utils/auth.go:25.16,28.3 2 0
docserver/utils/auth.go:29.2,29.27 1 0
docserver/utils/auth.go:33.52,37.2 2 0
docserver/utils/auth.go:49.79,50.25 1 0
docserver/utils/auth.go:50.25,53.3 2 0
docserver/utils/auth.go:55.2,69.16 5 0
docserver/utils/auth.go:69.16,72.3 2 0
docserver/utils/auth.go:74.2,74.25 1 0
docserver/utils/auth.go:79.75,80.25 1 0
docserver/utils/auth.go:80.25,83.3 2 0
docserver/utils/auth.go:85.2,86.101 2 0
docserver/utils/auth.go:86.101,88.58 1 0
docserver/utils/auth.go:88.58,90.4 1 0
docserver/utils/auth.go:91.3,91.36 1 0
docserver/utils/auth.go:94.2,94.16 1 0
docserver/utils/auth.go:94.16,95.42 1 0
docserver/utils/auth.go:95.42,98.4 2 0
docserver/utils/auth.go:99.3,100.51 2 0
docserver/utils/auth.go:103.2,103.18 1 0
docserver/utils/auth.go:103.18,106.3 2 0
docserver/utils/auth.go:113.2,113.20 1 0
docserver/utils/auth.go:118.57,119.30 1 0
docserver/utils/auth.go:119.30,121.23 2 0
docserver/utils/auth.go:121.23,124.4 2 0
docserver/utils/auth.go:126.3,127.63 2 0
docserver/utils/auth.go:127.63,130.4 2 0
docserver/utils/auth.go:132.3,134.17 3 0
docserver/utils/auth.go:134.17,137.4 2 0
docserver/utils/auth.go:140.3,143.11 3 0
docserver/utils/auth.go:157.37,162.21 3 0
docserver/utils/auth.go:162.21,164.3 1 0
docserver/utils/auth.go:165.2,165.20 1 0
docserver/utils/auth.go:175.20,189.2 8 0
docserver/utils/auth.go:196.18,199.12 2 0
docserver/utils/auth.go:199.12,201.3 1 0
docserver/utils/auth.go:203.2,203.30 1 0
docserver/utils/auth.go:203.30,207.3 2 0
docserver/utils/auth.go:209.2,209.30 1 0
docserver/utils/auth.go:209.30,211.3 1 0
docserver/utils/auth.go:214.2,215.18 2 0
docserver/utils/utils.go:13.36,16.2 2 0
docserver/utils/utils.go:25.63,28.2 2 0
docserver/utils/utils.go:31.52,33.2 1 0
docserver/utils/utils.go:36.54,38.2 1 0
docserver/utils/utils.go:41.51,43.2 1 0
docserver/utils/utils.go:46.50,48.2 1 0
docserver/utils/utils.go:51.61,53.2 1 0
